<?xml version="1.0" encoding="UTF-8"?>
<testng-results skipped="0" failed="0" ignored="0" total="32" passed="32">
  <reporter-output>
    <line>
      <![CDATA[Firefox browser is lauched successfully]]>
    </line>
    <line>
      <![CDATA[Click on : checkout_button]]>
    </line>
    <line>
      <![CDATA[Click on : DOES THE CLAIMANT HAVE A BENIGN]]>
    </line>
    <line>
      <![CDATA[Click on : HAS THE CLAIMANT COMPLETED]]>
    </line>
    <line>
      <![CDATA[Click on : Treatment completed]]>
    </line>
    <line>
      <![CDATA[Click on : Surgery]]>
    </line>
    <line>
      <![CDATA[Type : The esophagus is the muscular tube that connects your throat to your stomach and the duodenum in Surgery Description textbox  ]]>
    </line>
    <line>
      <![CDATA[Type : 15/04/2018 in Surgery date textbox  ]]>
    </line>
    <line>
      <![CDATA[Click on : Radiation therapy]]>
    </line>
    <line>
      <![CDATA[Type : 17/02/2018 in Date of most recent treatment textbox  ]]>
    </line>
    <line>
      <![CDATA[Type : 19/03/2018 in completion date of treatment textbox  ]]>
    </line>
    <line>
      <![CDATA[Click on : Antineoplastic chemotherapy]]>
    </line>
    <line>
      <![CDATA[Type : 14/04/2018 in Date of most recent treatment textbox  ]]>
    </line>
    <line>
      <![CDATA[Type : 15/05/2018 in completion date of treatment textbox  ]]>
    </line>
    <line>
      <![CDATA[Click on : Other therapeutic procedure]]>
    </line>
    <line>
      <![CDATA[Type : sample Text in Other describe procedure textbox  ]]>
    </line>
    <line>
      <![CDATA[Type : 19/09/2018 in Date of Other describe procedure textbox  ]]>
    </line>
    <line>
      <![CDATA[Click on : Other therapeutic procedure]]>
    </line>
    <line>
      <![CDATA[Type : sample testing text in Other describe procedure textbox  ]]>
    </line>
    <line>
      <![CDATA[Type : 19/09/2018 in provide date of completion of treatment textbox  ]]>
    </line>
    <line>
      <![CDATA[Type : Sample text for testing in condition begin text textbox  ]]>
    </line>
    <line>
      <![CDATA[Type : Sample text for testing in Describe condition text textbox  ]]>
    </line>
    <line>
      <![CDATA[Type : Sample text for testing in symptoms description text textbox  ]]>
    </line>
    <line>
      <![CDATA[Type : Sample text for testing in Past medication text textbox  ]]>
    </line>
    <line>
      <![CDATA[Type : Sample text for testing in current symptoms text textbox  ]]>
    </line>
    <line>
      <![CDATA[Type : Sample text for testing in current treatment text textbox  ]]>
    </line>
    <line>
      <![CDATA[Type : Sample text for testing in Impact of the condition text textbox  ]]>
    </line>
    <line>
      <![CDATA[Type : Sample text for testing in condition begin text textbox  ]]>
    </line>
    <line>
      <![CDATA[Type : Sample text for testing in Describe condition text textbox  ]]>
    </line>
    <line>
      <![CDATA[Type : Sample text for testing in symptoms description text textbox  ]]>
    </line>
    <line>
      <![CDATA[Type : Sample text for testing in Past medication text textbox  ]]>
    </line>
    <line>
      <![CDATA[Type : Sample text for testing in current symptoms text textbox  ]]>
    </line>
    <line>
      <![CDATA[Type : Sample text for testing in current treatment text textbox  ]]>
    </line>
    <line>
      <![CDATA[Type : Sample text for testing in Impact of the condition text textbox  ]]>
    </line>
    <line>
      <![CDATA[Click on : click_DataImportAndMappingQ section tab]]>
    </line>
    <line>
      <![CDATA[Type : Sample text for testing in textbox1 textbox  ]]>
    </line>
    <line>
      <![CDATA[Type : Sample text for testing in textbox2 textbox  ]]>
    </line>
    <line>
      <![CDATA[Type : Sample text for testing in textbox3 textbox  ]]>
    </line>
    <line>
      <![CDATA[Type : Sample text for testing in textboxArea1 textbox  ]]>
    </line>
    <line>
      <![CDATA[Type : Sample text for testing in textboxArea2 textbox  ]]>
    </line>
    <line>
      <![CDATA[Type : Sample text for testing in textboxArea3 textbox  ]]>
    </line>
    <line>
      <![CDATA[Click on : Checkbox]]>
    </line>
    <line>
      <![CDATA[Type : 17/08/2018 in Calander date textbox  ]]>
    </line>
    <line>
      <![CDATA[Click on : Radio Button]]>
    </line>
    <line>
      <![CDATA[Click on : Trigger add DBQ]]>
    </line>
    <line>
      <![CDATA[Click on : Click_DBQ_Ok]]>
    </line>
    <line>
      <![CDATA[Click on : GALLBLADDER DBQ]]>
    </line>
    <line>
      <![CDATA[Click on : Yes]]>
    </line>
    <line>
      <![CDATA[Type : Sample text for testing in textArea textbox  ]]>
    </line>
    <line>
      <![CDATA[Click on : Left_navigate]]>
    </line>
    <line>
      <![CDATA[Click on : Left_navigate]]>
    </line>
    <line>
      <![CDATA[Click on : Right_navigate]]>
    </line>
    <line>
      <![CDATA[Click on : Right_navigate]]>
    </line>
    <line>
      <![CDATA[Click on : Click_hamburg_icon]]>
    </line>
    <line>
      <![CDATA[Click on : click_DataImportAndMappingQ section tab]]>
    </line>
    <line>
      <![CDATA[Click on : Trigger remove DBQ]]>
    </line>
    <line>
      <![CDATA[Click on : Click_Ok]]>
    </line>
    <line>
      <![CDATA[Click on : click_next_button]]>
    </line>
    <line>
      <![CDATA[Click on : Checkbox]]>
    </line>
    <line>
      <![CDATA[Click on : Radio Button]]>
    </line>
    <line>
      <![CDATA[Type : 21/06/2018 in Calander date textbox  ]]>
    </line>
    <line>
      <![CDATA[Click on : Checkbox]]>
    </line>
    <line>
      <![CDATA[Click on : Radio Button]]>
    </line>
    <line>
      <![CDATA[Type : 19/04/2018 in Calander date textbox  ]]>
    </line>
    <line>
      <![CDATA[Click on : Hide Section panel]]>
    </line>
    <line>
      <![CDATA[Click on : View Section panel]]>
    </line>
    <line>
      <![CDATA[Click on : View_AllSection]]>
    </line>
    <line>
      <![CDATA[Click on : Navigate to Bottom of a page]]>
    </line>
    <line>
      <![CDATA[Click on : Navigate to Top of a page]]>
    </line>
    <line>
      <![CDATA[Click on : View_AllSection]]>
    </line>
    <line>
      <![CDATA[Type : 9780923465 in PhoneNumber_Textbox textbox  ]]>
    </line>
    <line>
      <![CDATA[Click on : Exam_Information]]>
    </line>
    <line>
      <![CDATA[Click on : Exam_Information]]>
    </line>
    <line>
      <![CDATA[status changed successfully]]>
    </line>
    <line>
      <![CDATA[status:Examinee In Progress]]>
    </line>
    <line>
      <![CDATA[Click on : Click Save Button]]>
    </line>
    <line>
      <![CDATA[Form Saved successfully]]>
    </line>
    <line>
      <![CDATA[Click on : Click on Submit button]]>
    </line>
    <line>
      <![CDATA[Form Saved successfully]]>
    </line>
    <line>
      <![CDATA[status:Examinee Complete]]>
    </line>
    <line>
      <![CDATA[Click on : Click print Button]]>
    </line>
    <line>
      <![CDATA[Click on : Click ExamForm print]]>
    </line>
    <line>
      <![CDATA[Click on : Click print Button]]>
    </line>
    <line>
      <![CDATA[Click on : Click ExamAllForm print]]>
    </line>
    <line>
      <![CDATA[Click on : checkout_button]]>
    </line>
    <line>
      <![CDATA[Click on : click_DataImportAndMappingQ section tab]]>
    </line>
    <line>
      <![CDATA[Click on : Trigger add DBQ]]>
    </line>
    <line>
      <![CDATA[Click on : Trigger add DBQ]]>
    </line>
    <line>
      <![CDATA[Click on : Click_Ok]]>
    </line>
    <line>
      <![CDATA[Click on : Click_Add_DBQ]]>
    </line>
    <line>
      <![CDATA[Select : ESOPHAGUS in DropDown_Add_DBQ dropdown list]]>
    </line>
    <line>
      <![CDATA[Click on : Click_Cancel]]>
    </line>
    <line>
      <![CDATA[Click on : Click_Add_DBQ]]>
    </line>
    <line>
      <![CDATA[Select : ESOPHAGUS in DropDown_Add_DBQ dropdown list]]>
    </line>
    <line>
      <![CDATA[Click on : Click_Confirm]]>
    </line>
    <line>
      <![CDATA[Click on : Click_Ok]]>
    </line>
    <line>
      <![CDATA[Click on : Click_Add Notes1]]>
    </line>
    <line>
      <![CDATA[Type : The esophagus is the muscular tube that connects your throat to your stomach and the duodenum in Add Notes textbox textbox  ]]>
    </line>
    <line>
      <![CDATA[Click on : Click_Cancel]]>
    </line>
    <line>
      <![CDATA[Click on : Click_Add Notes1]]>
    </line>
    <line>
      <![CDATA[Type : The esophagus is the muscular tube that connects your throat to your stomach and the duodenum in Add Notes textbox textbox  ]]>
    </line>
    <line>
      <![CDATA[Click on : Click_Save&Close]]>
    </line>
    <line>
      <![CDATA[Click on : Expand_ExamNotesLink]]>
    </line>
    <line>
      <![CDATA[Click on : Click_AddNotes2]]>
    </line>
    <line>
      <![CDATA[Type :  the doctor might take small tissue samples using the endoscope.  in Add Notes textbox textbox  ]]>
    </line>
    <line>
      <![CDATA[Click on : Click_Cancel]]>
    </line>
    <line>
      <![CDATA[Click on : Click_AddNotes2]]>
    </line>
    <line>
      <![CDATA[Type :  the doctor might take small tissue samples using the endoscope.  in Add Notes textbox textbox  ]]>
    </line>
    <line>
      <![CDATA[Click on : Click_Save&Close]]>
    </line>
    <line>
      <![CDATA[Click on : Click_NotesLink1]]>
    </line>
    <line>
      <![CDATA[Click on : Click_Cancel]]>
    </line>
    <line>
      <![CDATA[Click on : Click_NotesLink2]]>
    </line>
    <line>
      <![CDATA[Click on : Click_Cancel]]>
    </line>
    <line>
      <![CDATA[Click on : Click_UncheckNotes1]]>
    </line>
    <line>
      <![CDATA[Click on : Click_UncheckNotes2]]>
    </line>
    <line>
      <![CDATA[Click on : Left_navigate]]>
    </line>
    <line>
      <![CDATA[Click on : Left_navigate]]>
    </line>
    <line>
      <![CDATA[Click on : Right_navigate]]>
    </line>
    <line>
      <![CDATA[Click on : Right_navigate]]>
    </line>
    <line>
      <![CDATA[Click on : Click_hamburg_icon]]>
    </line>
    <line>
      <![CDATA[Click on : Hide Section panel]]>
    </line>
    <line>
      <![CDATA[Click on : Show Section panel]]>
    </line>
    <line>
      <![CDATA[Click on : View All Section]]>
    </line>
    <line>
      <![CDATA[Click on : Navigate to Bottom of a page]]>
    </line>
    <line>
      <![CDATA[Click on : Navigate to Top of a page]]>
    </line>
    <line>
      <![CDATA[Click on : View All Section]]>
    </line>
    <line>
      <![CDATA[Click on : CLAIMANT TREATMENT]]>
    </line>
    <line>
      <![CDATA[Type : The esophagus is the muscular tube that connects your throat to your stomach and the duodenum in CLAIMANT TREATMENT TEXT textbox  ]]>
    </line>
    <line>
      <![CDATA[Click on : CLICK NEXT]]>
    </line>
    <line>
      <![CDATA[Type : sample text in Textbox textbox  ]]>
    </line>
    <line>
      <![CDATA[Type :  the doctor might take small tissue samples using the endoscope.  in Textarea textbox  ]]>
    </line>
    <line>
      <![CDATA[Type : 19/05/2018 in Calander textbox  ]]>
    </line>
    <line>
      <![CDATA[Click on : CheckBox]]>
    </line>
    <line>
      <![CDATA[Click on : Radio button]]>
    </line>
    <line>
      <![CDATA[Click on : Delete_add_DBQ]]>
    </line>
    <line>
      <![CDATA[Click on : Click_Cancel]]>
    </line>
    <line>
      <![CDATA[Click on : Delete_add_DBQ]]>
    </line>
    <line>
      <![CDATA[Click on : Click_Ok]]>
    </line>
    <line>
      <![CDATA[Click on : Urinary_Tab]]>
    </line>
    <line>
      <![CDATA[Click on : click_DataImportAndMappingQ section tab]]>
    </line>
    <line>
      <![CDATA[Click on : Trigger remove DBQ]]>
    </line>
    <line>
      <![CDATA[Click on : Trigger remove DBQ]]>
    </line>
    <line>
      <![CDATA[Click on : Click_Ok]]>
    </line>
    <line>
      <![CDATA[Type : 9780923465 in PhoneNumber_Textbox textbox  ]]>
    </line>
    <line>
      <![CDATA[Click on : Exam_Information]]>
    </line>
    <line>
      <![CDATA[Click on : Exam_Information]]>
    </line>
    <line>
      <![CDATA[Click on : Click Save Button]]>
    </line>
    <line>
      <![CDATA[Form Saved successfully]]>
    </line>
    <line>
      <![CDATA[Click on : Click on Submit button]]>
    </line>
    <line>
      <![CDATA[Form Saved successfully]]>
    </line>
    <line>
      <![CDATA[status:DEC Submit]]>
    </line>
    <line>
      <![CDATA[Click on : checkout_button]]>
    </line>
    <line>
      <![CDATA[status changed successfully]]>
    </line>
    <line>
      <![CDATA[status:DEC InProgress]]>
    </line>
    <line>
      <![CDATA[Click on : Submit and Lock button]]>
    </line>
    <line>
      <![CDATA[status changed successfully]]>
    </line>
    <line>
      <![CDATA[status:DEC Complete]]>
    </line>
    <line>
      <![CDATA[Click on : Click print Button]]>
    </line>
    <line>
      <![CDATA[Click on : Click ExamForm print]]>
    </line>
    <line>
      <![CDATA[Click on : Click print Button]]>
    </line>
    <line>
      <![CDATA[Click on : Click ExamAllForm print]]>
    </line>
    <line>
      <![CDATA[Click on : Click print Button]]>
    </line>
    <line>
      <![CDATA[Click on : Click DBQForm print]]>
    </line>
    <line>
      <![CDATA[Click on : Click print Button]]>
    </line>
    <line>
      <![CDATA[Click on : Click DBQAllForm print]]>
    </line>
    <line>
      <![CDATA[Click on : checkout_button]]>
    </line>
    <line>
      <![CDATA[status changed successfully]]>
    </line>
    <line>
      <![CDATA[Click on : click_SignAndSubmit_button]]>
    </line>
    <line>
      <![CDATA[Click on : Provider ValidationLink1]]>
    </line>
    <line>
      <![CDATA[Click on : Provider ValidationLink2]]>
    </line>
    <line>
      <![CDATA[Click on : Acceptable Clinical Evidence tab]]>
    </line>
    <line>
      <![CDATA[Click on : Review of available records]]>
    </line>
    <line>
      <![CDATA[Click on : Review of available records in conjunction]]>
    </line>
    <line>
      <![CDATA[Click on : Examination via approved video telehealth]]>
    </line>
    <line>
      <![CDATA[Click on : click_next_button]]>
    </line>
    <line>
      <![CDATA[Click on : No records were reviewed]]>
    </line>
    <line>
      <![CDATA[Type : There are many variations of passages of Lorem Ipsum available, but the majority have suffered alteration in some form, by injected humour, or randomised words in Evidence comments textbox  ]]>
    </line>
    <line>
      <![CDATA[Click on : click_next_button]]>
    </line>
    <line>
      <![CDATA[Click on : claimed_condition_Question1]]>
    </line>
    <line>
      <![CDATA[Click on : claimed_condition_Other_Question1]]>
    </line>
    <line>
      <![CDATA[Type : There are many variations of passages of Lorem Ipsum available, but the majority have suffered alteration in some form, by injected humour, or randomised words in Other_comments1 textbox  ]]>
    </line>
    <line>
      <![CDATA[Click on : claimed_condition_Question2]]>
    </line>
    <line>
      <![CDATA[Click on : claimed_condition_Other_Question2]]>
    </line>
    <line>
      <![CDATA[Type : There are many variations of passages of Lorem Ipsum available, but the majority have suffered alteration in some form, by injected humour, or randomised words in Other_comments2 textbox  ]]>
    </line>
    <line>
      <![CDATA[Click on : referred_condition_Question1]]>
    </line>
    <line>
      <![CDATA[Click on : referred_condition_Other_Question1]]>
    </line>
    <line>
      <![CDATA[Type : There are many variations of passages of Lorem Ipsum available, but the majority have suffered alteration in some form, by injected humour, or randomised words in Referred_Other_comments1 textbox  ]]>
    </line>
    <line>
      <![CDATA[Click on : referred_condition_Question2]]>
    </line>
    <line>
      <![CDATA[Click on : referred_condition_Other_Question2]]>
    </line>
    <line>
      <![CDATA[Type : There are many variations of passages of Lorem Ipsum available, but the majority have suffered alteration in some form, by injected humour, or randomised words in referred_condition_Other_Question2 textbox  ]]>
    </line>
    <line>
      <![CDATA[Click on : established_condition_Question1]]>
    </line>
    <line>
      <![CDATA[Click on : established_condition_Other_Question1]]>
    </line>
    <line>
      <![CDATA[Type : There are many variations of passages of Lorem Ipsum available, but the majority have suffered alteration in some form, by injected humour, or randomised words in established_Other_comments1 textbox  ]]>
    </line>
    <line>
      <![CDATA[Click on : established_condition_Question2]]>
    </line>
    <line>
      <![CDATA[Click on : established_condition_Other_Question2]]>
    </line>
    <line>
      <![CDATA[Type : There are many variations of passages of Lorem Ipsum available, but the majority have suffered alteration in some form, by injected humour, or randomised words in established_condition_Other_Question2 textbox  ]]>
    </line>
    <line>
      <![CDATA[Click on : click_yes]]>
    </line>
    <line>
      <![CDATA[Type : bloody urine test in TextBox_Diagnosis1 textbox  ]]>
    </line>
    <line>
      <![CDATA[Type : cloudy urine test  in TextBox_Diagnosis2 textbox  ]]>
    </line>
    <line>
      <![CDATA[Type : 2345 in TextBox_ICD_code1 textbox  ]]>
    </line>
    <line>
      <![CDATA[Type : 15/04/2018 in TextBox_Date_of_Diagnosis1 textbox  ]]>
    </line>
    <line>
      <![CDATA[Type : 4567 in TextBox_ICD_code2 textbox  ]]>
    </line>
    <line>
      <![CDATA[Type : burning with urination test in TextBox_Diagnosis3 textbox  ]]>
    </line>
    <line>
      <![CDATA[Type : 19/04/2018 in TextBox_Date_of_Diagnosis2 textbox  ]]>
    </line>
    <line>
      <![CDATA[Type : 7890 in TextBox_ICD_code3 textbox  ]]>
    </line>
    <line>
      <![CDATA[Type : 26/04/2018 in TextBox_Date_of_Diagnosis3 textbox  ]]>
    </line>
    <line>
      <![CDATA[Type : There are many variations of passages of Lorem Ipsum available, but the majority have suffered alteration in some form, by injected humour, or randomised words in TextBox_Additional_Diagnosis textbox  ]]>
    </line>
    <line>
      <![CDATA[Click on : click_next_button]]>
    </line>
    <line>
      <![CDATA[Type : There are many variations of passages of Lorem Ipsum available, but the majority have suffered alteration in some form, by injected humour, or randomised words in TextBox_Medical_History textbox  ]]>
    </line>
    <line>
      <![CDATA[Click on : click_next_button]]>
    </line>
    <line>
      <![CDATA[Click on : click_yes]]>
    </line>
    <line>
      <![CDATA[Type : There are many variations of passages of Lorem Ipsum available, but the majority have suffered alteration in some form, by injected humour, or randomised words in TextBox_Etiology of Voiding Dysfunction textbox  ]]>
    </line>
    <line>
      <![CDATA[Click on : click_yes]]>
    </line>
    <line>
      <![CDATA[Click on : click_Other]]>
    </line>
    <line>
      <![CDATA[Type : There are many variations of passages of Lorem Ipsum available, but the majority have suffered alteration in some form, by injected humour, or randomised words in TextBox_Other_Description textbox  ]]>
    </line>
    <line>
      <![CDATA[Click on : click_yes]]>
    </line>
    <line>
      <![CDATA[Type : There are many variations of passages of Lorem Ipsum available, but the majority have suffered alteration in some form, by injected humour, or randomised words in TextBox_Yes_Description textbox  ]]>
    </line>
    <line>
      <![CDATA[Click on : click_yes]]>
    </line>
    <line>
      <![CDATA[Click on : Select_Checkbox1]]>
    </line>
    <line>
      <![CDATA[Click on : Select_Checkbox2]]>
    </line>
    <line>
      <![CDATA[Click on : Select_Checkbox3]]>
    </line>
    <line>
      <![CDATA[Click on : Select_Checkbox4]]>
    </line>
    <line>
      <![CDATA[Click on : Select_Checkbox5]]>
    </line>
    <line>
      <![CDATA[Click on : Select_Checkbox6]]>
    </line>
    <line>
      <![CDATA[Click on : click_yes]]>
    </line>
    <line>
      <![CDATA[Click on : Select_Checkbox1]]>
    </line>
    <line>
      <![CDATA[Click on : Select_Checkbox2]]>
    </line>
    <line>
      <![CDATA[Click on : Select_Checkbox3]]>
    </line>
    <line>
      <![CDATA[Click on : Select_Checkbox4]]>
    </line>
    <line>
      <![CDATA[Click on : Select_RadioButton1]]>
    </line>
    <line>
      <![CDATA[Click on : Select_RadioButton2]]>
    </line>
    <line>
      <![CDATA[Click on : Select_RadioButton3]]>
    </line>
    <line>
      <![CDATA[Click on : Select_RadioButton4]]>
    </line>
    <line>
      <![CDATA[Click on : Select_StructureDisease]]>
    </line>
    <line>
      <![CDATA[Click on : Select_Requires_dilatation]]>
    </line>
    <line>
      <![CDATA[Click on : Select_OtherSpecify]]>
    </line>
    <line>
      <![CDATA[Type : There are many variations of passages of Lorem Ipsum available, but the majority have suffered alteration in some form, by injected humour, or randomised words in TextBox_OtherSpecify textbox  ]]>
    </line>
    <line>
      <![CDATA[Click on : Select_Recurrent_urinary]]>
    </line>
    <line>
      <![CDATA[Click on : Select_Uroflowmetry]]>
    </line>
    <line>
      <![CDATA[Click on : Select_Post_void]]>
    </line>
    <line>
      <![CDATA[Click on : Select_obstructive]]>
    </line>
    <line>
      <![CDATA[Click on : Select_intermittent]]>
    </line>
    <line>
      <![CDATA[Click on : Select_continuous]]>
    </line>
    <line>
      <![CDATA[Click on : Select_OtherDescription]]>
    </line>
    <line>
      <![CDATA[Type : There are many variations of passages of Lorem Ipsum available, but the majority have suffered alteration in some form, by injected humour, or randomised words in TextBox_OtherDescription textbox  ]]>
    </line>
    <line>
      <![CDATA[Click on : click_next_button]]>
    </line>
    <line>
      <![CDATA[Click on : Select_RadioButton1]]>
    </line>
    <line>
      <![CDATA[Click on : Select_Checkbox1]]>
    </line>
    <line>
      <![CDATA[Click on : Select_Checkbox2]]>
    </line>
    <line>
      <![CDATA[Click on : Select_RadioButton2]]>
    </line>
    <line>
      <![CDATA[Click on : Select_Checkbox1]]>
    </line>
    <line>
      <![CDATA[Type : There are many variations of passages of Lorem Ipsum available, but the majority have suffered alteration in some form, by injected humour, or randomised words in TextBox_Diet textbox  ]]>
    </line>
    <line>
      <![CDATA[Type : 19/05/2018 in TextBox_dates textbox  ]]>
    </line>
    <line>
      <![CDATA[Click on : Select_Checkbox2]]>
    </line>
    <line>
      <![CDATA[Type : Test Drug therapy in TextBox_medication textbox  ]]>
    </line>
    <line>
      <![CDATA[Type : 15/07/2018 in TextBox_dates_Use textbox  ]]>
    </line>
    <line>
      <![CDATA[Click on : Select_Checkbox_Invasive]]>
    </line>
    <line>
      <![CDATA[Click on : Select_Year]]>
    </line>
    <line>
      <![CDATA[Type : There are many variations of passages of Lorem Ipsum available, but the majority have suffered alteration in some form, by injected humour, or randomised words in TextBox_Name_Of_Facility textbox  ]]>
    </line>
    <line>
      <![CDATA[Click on : Select_RadioButton3]]>
    </line>
    <line>
      <![CDATA[Click on : Select_Bladder_pain]]>
    </line>
    <line>
      <![CDATA[Click on : Select_Dysuria]]>
    </line>
    <line>
      <![CDATA[Click on : Select_Hematuria]]>
    </line>
    <line>
      <![CDATA[Click on : Select_Voiding_dysfunction]]>
    </line>
    <line>
      <![CDATA[Click on : Select_Catheter_drainage]]>
    </line>
    <line>
      <![CDATA[Click on : Select_Drainage_Not_Required]]>
    </line>
    <line>
      <![CDATA[Click on : Select_Infections]]>
    </line>
    <line>
      <![CDATA[Click on : Select_infection_Noted]]>
    </line>
    <line>
      <![CDATA[Click on : Select_Sudden painful]]>
    </line>
    <line>
      <![CDATA[Click on : Select_OtherDescription]]>
    </line>
    <line>
      <![CDATA[Type : There are many variations of passages of Lorem Ipsum available, but the majority have suffered alteration in some form, by injected humour, or randomised words in TextBox_OtherDescription textbox  ]]>
    </line>
    <line>
      <![CDATA[Click on : click_next_button]]>
    </line>
    <line>
      <![CDATA[Click on : Select_RadioButton]]>
    </line>
    <line>
      <![CDATA[Type : There are many variations of passages of Lorem Ipsum available, but the majority have suffered alteration in some form, by injected humour, or randomised words in TextBox_Provide_Etiology textbox  ]]>
    </line>
    <line>
      <![CDATA[Click on : Select_Long-term]]>
    </line>
    <line>
      <![CDATA[Type : There are many variations of passages of Lorem Ipsum available, but the majority have suffered alteration in some form, by injected humour, or randomised words in TextBox_medications textbox  ]]>
    </line>
    <line>
      <![CDATA[Click on : Select_Hospitalization]]>
    </line>
    <line>
      <![CDATA[Click on : Select_RadioButton_Year]]>
    </line>
    <line>
      <![CDATA[Click on : Select_drainage]]>
    </line>
    <line>
      <![CDATA[Type : There are many variations of passages of Lorem Ipsum available, but the majority have suffered alteration in some form, by injected humour, or randomised words in TextBox_drain_past textbox  ]]>
    </line>
    <line>
      <![CDATA[Click on : Select_Continuous]]>
    </line>
    <line>
      <![CDATA[Type : There are many variations of passages of Lorem Ipsum available, but the majority have suffered alteration in some form, by injected humour, or randomised words in TextBox_Continuous textbox  ]]>
    </line>
    <line>
      <![CDATA[Click on : Select_Intermittent]]>
    </line>
    <line>
      <![CDATA[Type : There are many variations of passages of Lorem Ipsum available, but the majority have suffered alteration in some form, by injected humour, or randomised words in TextBox_Intermittent textbox  ]]>
    </line>
    <line>
      <![CDATA[Click on : Select_OtherDescription]]>
    </line>
    <line>
      <![CDATA[Type : There are many variations of passages of Lorem Ipsum available, but the majority have suffered alteration in some form, by injected humour, or randomised words in TextBox_OtherDescription textbox  ]]>
    </line>
    <line>
      <![CDATA[Click on : click_next_button]]>
    </line>
    <line>
      <![CDATA[Click on : Select_RadioButton_Yes1]]>
    </line>
    <line>
      <![CDATA[Click on : Select_RadioButton_Yes2]]>
    </line>
    <line>
      <![CDATA[Click on : Select_RadioButton_Yes3]]>
    </line>
    <line>
      <![CDATA[Click on : Select_RadioButton_Yes4]]>
    </line>
    <line>
      <![CDATA[Click on : Select_RadioButton_Yes5]]>
    </line>
    <line>
      <![CDATA[Type : There are many variations of passages of Lorem Ipsum available, but the majority have suffered alteration in some form, by injected humour, or randomised words in TextBox_OtherDescription textbox  ]]>
    </line>
    <line>
      <![CDATA[Click on : Select_RadioButton_Yes5]]>
    </line>
    <line>
      <![CDATA[Type : There are many variations of passages of Lorem Ipsum available, but the majority have suffered alteration in some form, by injected humour, or randomised words in TextBox_OtherDescription textbox  ]]>
    </line>
    <line>
      <![CDATA[Click on : Select_RadioButton_Yes5]]>
    </line>
    <line>
      <![CDATA[Type : There are many variations of passages of Lorem Ipsum available, but the majority have suffered alteration in some form, by injected humour, or randomised words in TextBox_OtherDescription textbox  ]]>
    </line>
    <line>
      <![CDATA[Click on : Select_RadioButton_no]]>
    </line>
    <line>
      <![CDATA[Click on : click_next_button]]>
    </line>
    <line>
      <![CDATA[Click on : Select_RadioButton_Yes1]]>
    </line>
    <line>
      <![CDATA[Click on : Select_RadioButton_MALIGNANT]]>
    </line>
    <line>
      <![CDATA[Click on : Select_RadioButton_remission]]>
    </line>
    <line>
      <![CDATA[Click on : Select_RadioButton_Yes2]]>
    </line>
    <line>
      <![CDATA[Click on : Select_Treatment]]>
    </line>
    <line>
      <![CDATA[Click on : Select_Surgery]]>
    </line>
    <line>
      <![CDATA[Type : There are many variations of passages of Lorem Ipsum available, but the majority have suffered alteration in some form, by injected humour, or randomised words in TextBox_SurgeryDescription textbox  ]]>
    </line>
    <line>
      <![CDATA[Type : 7/12/18 in TextBox_SurgeryDate textbox  ]]>
    </line>
    <line>
      <![CDATA[Click on : Select_Radiation]]>
    </line>
    <line>
      <![CDATA[Type : There are many variations of passages of Lorem Ipsum available, but the majority have suffered alteration in some form, by injected humour, or randomised words in TextBox_RadiationDescription textbox  ]]>
    </line>
    <line>
      <![CDATA[Type : 9/11/18 in TextBox_RadiationDate textbox  ]]>
    </line>
    <line>
      <![CDATA[Click on : Select_Antineoplastic]]>
    </line>
    <line>
      <![CDATA[Type : There are many variations of passages of Lorem Ipsum available, but the majority have suffered alteration in some form, by injected humour, or randomised words in TextBox_AntineoplasticDescription textbox  ]]>
    </line>
    <line>
      <![CDATA[Type : 9/11/18 in TextBox_AntineoplasticDate textbox  ]]>
    </line>
    <line>
      <![CDATA[Click on : Select_procedure]]>
    </line>
    <line>
      <![CDATA[Type : There are many variations of passages of Lorem Ipsum available, but the majority have suffered alteration in some form, by injected humour, or randomised words in TextBox_procedureDescription textbox  ]]>
    </line>
    <line>
      <![CDATA[Type : 18/07/2018 in TextBox_procedureDate textbox  ]]>
    </line>
    <line>
      <![CDATA[Click on : Select_treatment]]>
    </line>
    <line>
      <![CDATA[Type : There are many variations of passages of Lorem Ipsum available, but the majority have suffered alteration in some form, by injected humour, or randomised words in TextBox_treatmentDescription textbox  ]]>
    </line>
    <line>
      <![CDATA[Type : 18/05/2018 in TextBox_treatmentDate textbox  ]]>
    </line>
    <line>
      <![CDATA[Click on : Select_RadioButton_Yes2]]>
    </line>
    <line>
      <![CDATA[Type : There are many variations of passages of Lorem Ipsum available, but the majority have suffered alteration in some form, by injected humour, or randomised words in TextBox_VETERANConitions textbox  ]]>
    </line>
    <line>
      <![CDATA[Type : There are many variations of passages of Lorem Ipsum available, but the majority have suffered alteration in some form, by injected humour, or randomised words in TextBox_VETERANDescription textbox  ]]>
    </line>
    <line>
      <![CDATA[Click on : click_next_button]]>
    </line>
    <line>
      <![CDATA[Click on : Select_RadioButton_Yes1]]>
    </line>
    <line>
      <![CDATA[Type : There are many variations of passages of Lorem Ipsum available, but the majority have suffered alteration in some form, by injected humour, or randomised words in TextBox_Description textbox  ]]>
    </line>
    <line>
      <![CDATA[Click on : Select_RadioButton_Yes2]]>
    </line>
    <line>
      <![CDATA[Type : There are many variations of passages of Lorem Ipsum available, but the majority have suffered alteration in some form, by injected humour, or randomised words in TextBox_comments textbox  ]]>
    </line>
    <line>
      <![CDATA[Click on : click_next_button]]>
    </line>
    <line>
      <![CDATA[Click on : Select_RadioButton_Yes1]]>
    </line>
    <line>
      <![CDATA[Type : There are many variations of passages of Lorem Ipsum available, but the majority have suffered alteration in some form, by injected humour, or randomised words in TextBox_Description textbox  ]]>
    </line>
    <line>
      <![CDATA[Click on : click_next_button]]>
    </line>
    <line>
      <![CDATA[Click on : Select_RadioButton_Yes1]]>
    </line>
    <line>
      <![CDATA[Type : There are many variations of passages of Lorem Ipsum available, but the majority have suffered alteration in some form, by injected humour, or randomised words in TextBox_Description textbox  ]]>
    </line>
    <line>
      <![CDATA[Click on : click_next_button]]>
    </line>
    <line>
      <![CDATA[Type : There are many variations of passages of Lorem Ipsum available, but the majority have suffered alteration in some form, by injected humour, or randomised words in TextBox_RemarksDescription1 textbox  ]]>
    </line>
    <line>
      <![CDATA[Type : There are many variations of passages of Lorem Ipsum available, but the majority have suffered alteration in some form, by injected humour, or randomised words in TextBox_RemarksDescription2 textbox  ]]>
    </line>
    <line>
      <![CDATA[Type : There are many variations of passages of Lorem Ipsum available, but the majority have suffered alteration in some form, by injected humour, or randomised words in TextBox_RemarksDescription3 textbox  ]]>
    </line>
    <line>
      <![CDATA[Click on : Select_RadioButton_Yes1]]>
    </line>
    <line>
      <![CDATA[Type : There are many variations of passages of Lorem Ipsum available, but the majority have suffered alteration in some form, by injected humour, or randomised words in TextBox_identified textbox  ]]>
    </line>
    <line>
      <![CDATA[Click on : Select_RadioButton_Yes2]]>
    </line>
    <line>
      <![CDATA[Click on : Select_RadioButton_Yes3]]>
    </line>
    <line>
      <![CDATA[Type : There are many variations of passages of Lorem Ipsum available, but the majority have suffered alteration in some form, by injected humour, or randomised words in TextBox_RemarksDescription4 textbox  ]]>
    </line>
    <line>
      <![CDATA[Click on : Select_RadioButton_Yes3]]>
    </line>
    <line>
      <![CDATA[Click on : click_SignAndSubmit_button]]>
    </line>
    <line>
      <![CDATA[Click on : click_Validation_link]]>
    </line>
    <line>
      <![CDATA[Click on : Select_RadioButton_Yes3]]>
    </line>
    <line>
      <![CDATA[Click on : Click_Ok]]>
    </line>
    <line>
      <![CDATA[Click on : click_SignAndSubmit_button]]>
    </line>
    <line>
      <![CDATA[Click on : Trigger DBQ ValidationLink1]]>
    </line>
    <line>
      <![CDATA[Click on : Trigger DBQ ValidationLink2]]>
    </line>
    <line>
      <![CDATA[Click on : Acceptable Clinical Evidence tab]]>
    </line>
    <line>
      <![CDATA[Type : Sample Text in Comments textbox  ]]>
    </line>
    <line>
      <![CDATA[Click on : click_next_button]]>
    </line>
    <line>
      <![CDATA[Click on : click_next_button]]>
    </line>
    <line>
      <![CDATA[Click on : click_next_button]]>
    </line>
    <line>
      <![CDATA[Click on : Click_RadioButton_yes]]>
    </line>
    <line>
      <![CDATA[Type : Sample Text1 in Diagnosis_textbox1 textbox  ]]>
    </line>
    <line>
      <![CDATA[Type : IF61 in ICD_Code_textbox1 textbox  ]]>
    </line>
    <line>
      <![CDATA[Type : Sample Text2 in Diagnosis_textbox2 textbox  ]]>
    </line>
    <line>
      <![CDATA[Type : 22/03/2017 in Diagnosis_textbox1 textbox  ]]>
    </line>
    <line>
      <![CDATA[Type : IF62 in ICD_Code_textbox2 textbox  ]]>
    </line>
    <line>
      <![CDATA[Type : Sample Text3 in Diagnosis_textbox3 textbox  ]]>
    </line>
    <line>
      <![CDATA[Type : 26/03/2017 in Diagnosis_textbox2 textbox  ]]>
    </line>
    <line>
      <![CDATA[Type : IF63 in ICD_Code_textbox3 textbox  ]]>
    </line>
    <line>
      <![CDATA[Type : 3/2/17 in Diagnosis_textbox3 textbox  ]]>
    </line>
    <line>
      <![CDATA[Type : Sample Text in Additional_Diagnosis_textbox textbox  ]]>
    </line>
    <line>
      <![CDATA[Click on : click_next_button]]>
    </line>
    <line>
      <![CDATA[Type : Sample Text in Click_History_Description textbox  ]]>
    </line>
    <line>
      <![CDATA[Click on : Are any of the scars of the trunk or extremities painful?]]>
    </line>
    <line>
      <![CDATA[Click on : Select_Number of painful scars]]>
    </line>
    <line>
      <![CDATA[Type : Sample Text in Describe the pain textbox  ]]>
    </line>
    <line>
      <![CDATA[Click on : Select scar unstable]]>
    </line>
    <line>
      <![CDATA[Click on : Select Number of scar unstable]]>
    </line>
    <line>
      <![CDATA[Type : Sample Text in Describe the loss of covering of skin textbox  ]]>
    </line>
    <line>
      <![CDATA[Click on : Any of the scars due to  trunk or extremities]]>
    </line>
    <line>
      <![CDATA[Type : Sample Text in Burn scar2 textbox  ]]>
    </line>
    <line>
      <![CDATA[Click on : Deep partial Thickness]]>
    </line>
    <line>
      <![CDATA[Type : Sample Text in Burn scar1 textbox  ]]>
    </line>
    <line>
      <![CDATA[Click on : Full thickness]]>
    </line>
    <line>
      <![CDATA[Click on : Affected]]>
    </line>
    <line>
      <![CDATA[Type : Sample Text in Scar_Location textbox  ]]>
    </line>
    <line>
      <![CDATA[Click on : Linear]]>
    </line>
    <line>
      <![CDATA[Type : 25 in SCAR_ONE textbox  ]]>
    </line>
    <line>
      <![CDATA[Click on : Superficial non-linear]]>
    </line>
    <line>
      <![CDATA[Click on : Deep]]>
    </line>
    <line>
      <![CDATA[Click on : Deep_NonLinearOne]]>
    </line>
    <line>
      <![CDATA[Click on : Linear1]]>
    </line>
    <line>
      <![CDATA[Click on : Superficial non-linear1]]>
    </line>
    <line>
      <![CDATA[Click on : Deep1]]>
    </line>
    <line>
      <![CDATA[Click on : Linear2]]>
    </line>
    <line>
      <![CDATA[Click on : Superficial non-linear2]]>
    </line>
    <line>
      <![CDATA[Click on : Deep2]]>
    </line>
    <line>
      <![CDATA[Click on : Linear3]]>
    </line>
    <line>
      <![CDATA[Click on : Superficial non-linear3]]>
    </line>
    <line>
      <![CDATA[Click on : Deep3]]>
    </line>
    <line>
      <![CDATA[Click on : Linear4]]>
    </line>
    <line>
      <![CDATA[Click on : Superficial non-linear4]]>
    </line>
    <line>
      <![CDATA[Click on : Deep4]]>
    </line>
    <line>
      <![CDATA[Click on : Superficial non-linear scar]]>
    </line>
    <line>
      <![CDATA[Click on : Deep non-linear scar]]>
    </line>
    <line>
      <![CDATA[Click on : click_next_button]]>
    </line>
    <line>
      <![CDATA[Type : Sample Text in Describe the history textbox  ]]>
    </line>
    <line>
      <![CDATA[Click on : Any of the scar painful]]>
    </line>
    <line>
      <![CDATA[Click on : Number of painful scar]]>
    </line>
    <line>
      <![CDATA[Type : Sample Text in Describe the pain textbox  ]]>
    </line>
    <line>
      <![CDATA[Click on : Are any of the scars of the head]]>
    </line>
    <line>
      <![CDATA[Click on : number of unstable ]]>
    </line>
    <line>
      <![CDATA[Type : Sample Text in Describe the loss of covering of skin over the scar textbox  ]]>
    </line>
    <line>
      <![CDATA[Click on : Are any of the scars of the head]]>
    </line>
    <line>
      <![CDATA[Type : Sample Text in Burn scar1 textbox  ]]>
    </line>
    <line>
      <![CDATA[Click on : Deep partial thickness]]>
    </line>
    <line>
      <![CDATA[Click on : SCAR1]]>
    </line>
    <line>
      <![CDATA[Type : Sample Text in Location of scar/disfigurement1 textbox  ]]>
    </line>
    <line>
      <![CDATA[Type : Sample Text in Length of scar/disfigurement1 textbox  ]]>
    </line>
    <line>
      <![CDATA[Type : Sample Text in Width of scar/disfigurement1 textbox  ]]>
    </line>
    <line>
      <![CDATA[Click on : SCAR2]]>
    </line>
    <line>
      <![CDATA[Type : Sample Text in Location of scar/disfiguremen2 textbox  ]]>
    </line>
    <line>
      <![CDATA[Type : Sample Text in Length of scar/disfigurement2 textbox  ]]>
    </line>
    <line>
      <![CDATA[Type : Sample Text in Width of scar/disfigurement2 textbox  ]]>
    </line>
    <line>
      <![CDATA[Click on : SCAR3]]>
    </line>
    <line>
      <![CDATA[Type : Sample Text in Location of scar/disfigurement3 textbox  ]]>
    </line>
    <line>
      <![CDATA[Type : Sample Text in Length of scar/disfigurement3 textbox  ]]>
    </line>
    <line>
      <![CDATA[Type : Sample Text in Width of scar/disfigurement3 textbox  ]]>
    </line>
    <line>
      <![CDATA[Click on : SCAR4]]>
    </line>
    <line>
      <![CDATA[Type : Sample Text in Location of scar/disfigurement4 textbox  ]]>
    </line>
    <line>
      <![CDATA[Type : Sample Text in Length of scar/disfigurement4 textbox  ]]>
    </line>
    <line>
      <![CDATA[Type : Sample Text in Width of scar/disfigurement4 textbox  ]]>
    </line>
    <line>
      <![CDATA[Click on : SCAR5]]>
    </line>
    <line>
      <![CDATA[Type : Sample Text in Location of scar/disfigurement5 textbox  ]]>
    </line>
    <line>
      <![CDATA[Type : Sample Text in Length of scar/disfigurement5 textbox  ]]>
    </line>
    <line>
      <![CDATA[Type : Sample Text in Width of scar/disfigurement5 textbox  ]]>
    </line>
    <line>
      <![CDATA[Click on : Is there elevation]]>
    </line>
    <line>
      <![CDATA[Click on : Is there abnormal pigmentation]]>
    </line>
    <line>
      <![CDATA[Click on : Is there gross distortion]]>
    </line>
    <line>
      <![CDATA[Click on : click_next_button]]>
    </line>
    <line>
      <![CDATA[Click on : DO ANY OF THE SCARS (regardless of location) OR DISFIGUREMENT]]>
    </line>
    <line>
      <![CDATA[Type : Sample Text in SPECIFIC LIMITATIONS textbox  ]]>
    </line>
    <line>
      <![CDATA[Click on : VETERAN HAVE ANY OTHER PERTINENT]]>
    </line>
    <line>
      <![CDATA[Type : Sample Text in DESCRIPTION textbox  ]]>
    </line>
    <line>
      <![CDATA[Click on : Photographs_Provided]]>
    </line>
    <line>
      <![CDATA[Click on : Click Yes]]>
    </line>
    <line>
      <![CDATA[Type : Sample Text in DESCRIPTION textbox  ]]>
    </line>
    <line>
      <![CDATA[Click on : click_SignAndSubmit_button]]>
    </line>
    <line>
      <![CDATA[Click on : Delete_Trigger_DBQ]]>
    </line>
    <line>
      <![CDATA[Click on : Click_Cancel]]>
    </line>
    <line>
      <![CDATA[Click on : Delete_Trigger_DBQ]]>
    </line>
    <line>
      <![CDATA[Click on : Click_Ok]]>
    </line>
    <line>
      <![CDATA[Click on : click_SignAndSubmit_button]]>
    </line>
    <line>
      <![CDATA[Click on : Imo tab]]>
    </line>
    <line>
      <![CDATA[Click on : click_SignAndSubmit_button]]>
    </line>
    <line>
      <![CDATA[Click on : click_Validation_link]]>
    </line>
    <line>
      <![CDATA[Click on : Select Acceptable Clinical Evidence tab]]>
    </line>
    <line>
      <![CDATA[Click on : Select_Checkbox1]]>
    </line>
    <line>
      <![CDATA[Click on : Select_Checkbox2]]>
    </line>
    <line>
      <![CDATA[Click on : Select_Checkbox3]]>
    </line>
    <line>
      <![CDATA[Click on : click_next_button]]>
    </line>
    <line>
      <![CDATA[Click on : Select_Checkbox1]]>
    </line>
    <line>
      <![CDATA[Type : There are many variations of passages of Lorem Ipsum available, but the majority have suffered alteration in some form, by injected humour, or randomised words in TextBox_Other textbox  ]]>
    </line>
    <line>
      <![CDATA[Type : There are many variations of passages of Lorem Ipsum available, but the majority have suffered alteration in some form, by injected humour, or randomised words in TextBox_Comments textbox  ]]>
    </line>
    <line>
      <![CDATA[Click on : click_next_button]]>
    </line>
    <line>
      <![CDATA[Click on : Click_Add_DBQ]]>
    </line>
    <line>
      <![CDATA[Select : ESOPHAGUS in DropDown_Add_DBQ dropdown list]]>
    </line>
    <line>
      <![CDATA[Click on : Click_Cancel]]>
    </line>
    <line>
      <![CDATA[Click on : Click_Add_DBQ]]>
    </line>
    <line>
      <![CDATA[Select : ESOPHAGUS in DropDown_Add_DBQ dropdown list]]>
    </line>
    <line>
      <![CDATA[Click on : Click_Confirm]]>
    </line>
    <line>
      <![CDATA[Click on : Click_DBQ_Ok]]>
    </line>
    <line>
      <![CDATA[Click on : MANUAL_DBQ_TAB]]>
    </line>
    <line>
      <![CDATA[Click on : click_SignAndSubmit_button]]>
    </line>
    <line>
      <![CDATA[Click on : Manual Validation link]]>
    </line>
    <line>
      <![CDATA[Click on : C&P Examination]]>
    </line>
    <line>
      <![CDATA[Type : Testing in Text Comments textbox  ]]>
    </line>
    <line>
      <![CDATA[Click on : click_next_button]]>
    </line>
    <line>
      <![CDATA[Click on : Review of available records]]>
    </line>
    <line>
      <![CDATA[Click on : Review of available records in conjunction]]>
    </line>
    <line>
      <![CDATA[Click on : Examination via approved video telehealth]]>
    </line>
    <line>
      <![CDATA[Click on : click_next_button]]>
    </line>
    <line>
      <![CDATA[Type : Testing in Evidence comments textbox  ]]>
    </line>
    <line>
      <![CDATA[Click on : click_next_button]]>
    </line>
    <line>
      <![CDATA[Click on : Select Yes]]>
    </line>
    <line>
      <![CDATA[Click on : Select GERD]]>
    </line>
    <line>
      <![CDATA[Click on : Select Hiatal Hernia]]>
    </line>
    <line>
      <![CDATA[Click on : Esophagus,Stricture of]]>
    </line>
    <line>
      <![CDATA[Click on : Esophagus, Spasm of (cardiospasm)]]>
    </line>
    <line>
      <![CDATA[Click on : Esophagus, Diverticulum of, Acquired ]]>
    </line>
    <line>
      <![CDATA[Click on : Other Esophageal Condition(s)]]>
    </line>
    <line>
      <![CDATA[Type : ICD711 in ICD Code 1 textbox  ]]>
    </line>
    <line>
      <![CDATA[Type : ICD712 in ICD Code 2 textbox  ]]>
    </line>
    <line>
      <![CDATA[Type : ICD713 in ICD Code 3 textbox  ]]>
    </line>
    <line>
      <![CDATA[Type : ICD714 in ICD Code 4 textbox  ]]>
    </line>
    <line>
      <![CDATA[Type : ICD715 in ICD Code 5 textbox  ]]>
    </line>
    <line>
      <![CDATA[Type : 17/02/2018 in Date of Diagnosis 1 textbox  ]]>
    </line>
    <line>
      <![CDATA[Type : 19/04/2018 in Date of Diagnosis 2 textbox  ]]>
    </line>
    <line>
      <![CDATA[Type : 15/08/2018 in Date of Diagnosis 3 textbox  ]]>
    </line>
    <line>
      <![CDATA[Type : 23/04/2018 in Date of Diagnosis 4 textbox  ]]>
    </line>
    <line>
      <![CDATA[Type : Testing in Other Diagnosis 1 textbox  ]]>
    </line>
    <line>
      <![CDATA[Type : 4/11/18 in Date of Diagnosis 5 textbox  ]]>
    </line>
    <line>
      <![CDATA[Type : Testing in Other Diagnosis 2 textbox  ]]>
    </line>
    <line>
      <![CDATA[Type : ICD716 in Other ICD Code 1 textbox  ]]>
    </line>
    <line>
      <![CDATA[Type : ICD717 in Other ICD Code 2 textbox  ]]>
    </line>
    <line>
      <![CDATA[Type : 4/12/18 in Other Date of Diagnosis 1 textbox  ]]>
    </line>
    <line>
      <![CDATA[Type : 15/08/2018 in Other Date of Diagnosis 2 textbox  ]]>
    </line>
    <line>
      <![CDATA[Type : Testing in Additional Diagnosis textbox  ]]>
    </line>
    <line>
      <![CDATA[Click on : click_next_button]]>
    </line>
    <line>
      <![CDATA[Type : sample Testing in DESCRIBE THE HISTORY textbox  ]]>
    </line>
    <line>
      <![CDATA[Click on : VETERAN’S TREATMENT]]>
    </line>
    <line>
      <![CDATA[Type : Testing in DESCRIBE diagnosed condition textbox  ]]>
    </line>
    <line>
      <![CDATA[Click on : click_next_button]]>
    </line>
    <line>
      <![CDATA[Click on : Select No]]>
    </line>
    <line>
      <![CDATA[Click on : click_next_button]]>
    </line>
    <line>
      <![CDATA[Click on : Select Yes]]>
    </line>
    <line>
      <![CDATA[Click on : Select Mild]]>
    </line>
    <line>
      <![CDATA[Type : sample Test in Select Mild TEXT textbox  ]]>
    </line>
    <line>
      <![CDATA[Click on : click_next_button]]>
    </line>
    <line>
      <![CDATA[Click on : Select Yes]]>
    </line>
    <line>
      <![CDATA[Type : sample Test in Description textbox  ]]>
    </line>
    <line>
      <![CDATA[Click on : Select Yes]]>
    </line>
    <line>
      <![CDATA[Click on : Select No]]>
    </line>
    <line>
      <![CDATA[Type : sample Test in Location textbox  ]]>
    </line>
    <line>
      <![CDATA[Type : 21 in Length textbox  ]]>
    </line>
    <line>
      <![CDATA[Type : 45 in Width textbox  ]]>
    </line>
    <line>
      <![CDATA[Type : sample Test in Comments textbox  ]]>
    </line>
    <line>
      <![CDATA[Click on : click_next_button]]>
    </line>
    <line>
      <![CDATA[Click on : Select Yes]]>
    </line>
    <line>
      <![CDATA[Click on : Select UPPER ENDOSCOPY]]>
    </line>
    <line>
      <![CDATA[Type : 21/04/2018 in DATE TEXT_1 textbox  ]]>
    </line>
    <line>
      <![CDATA[Type : sample Test in Results_Text1 textbox  ]]>
    </line>
    <line>
      <![CDATA[Click on : Select UPPER GI RADIOGRAPHIC STUDIES]]>
    </line>
    <line>
      <![CDATA[Type : 3/12/17 in DATE TEXT_2 textbox  ]]>
    </line>
    <line>
      <![CDATA[Type : sample Test in Results Text_2 textbox  ]]>
    </line>
    <line>
      <![CDATA[Click on : Select ESOPHAGRAM]]>
    </line>
    <line>
      <![CDATA[Type : 18/09/2016 in DATE TEXT_3 textbox  ]]>
    </line>
    <line>
      <![CDATA[Type : sample Test in Results Text_3 textbox  ]]>
    </line>
    <line>
      <![CDATA[Click on : Select MRI]]>
    </line>
    <line>
      <![CDATA[Type : 19/08/2017 in DATE TEXT_4 textbox  ]]>
    </line>
    <line>
      <![CDATA[Type : sample Test in Results Text_4 textbox  ]]>
    </line>
    <line>
      <![CDATA[Click on : Select CT]]>
    </line>
    <line>
      <![CDATA[Type : 5/12/18 in DATE TEXT_5 textbox  ]]>
    </line>
    <line>
      <![CDATA[Type : sample Test in Results Text_5 textbox  ]]>
    </line>
    <line>
      <![CDATA[Click on : Select BIOSPY]]>
    </line>
    <line>
      <![CDATA[Type : sample Test in Select Specify site textbox  ]]>
    </line>
    <line>
      <![CDATA[Type : 17/09/2018 in DATE TEXT_6 textbox  ]]>
    </line>
    <line>
      <![CDATA[Type : sample Test in Results Text_6 textbox  ]]>
    </line>
    <line>
      <![CDATA[Click on : Select OTHER]]>
    </line>
    <line>
      <![CDATA[Type : sample Test in Select Specify textbox  ]]>
    </line>
    <line>
      <![CDATA[Type : 15/07/2018 in DATE TEXT_7 textbox  ]]>
    </line>
    <line>
      <![CDATA[Type : sample Test in Results Text_7 textbox  ]]>
    </line>
    <line>
      <![CDATA[Click on : Select HAS LABORATORY TESTING]]>
    </line>
    <line>
      <![CDATA[Click on : Select CBC]]>
    </line>
    <line>
      <![CDATA[Type : 18/07/2018 in Date of test textbox  ]]>
    </line>
    <line>
      <![CDATA[Type : sample Test in Hemoglobin text textbox  ]]>
    </line>
    <line>
      <![CDATA[Type : sample Test in Hematocrit text textbox  ]]>
    </line>
    <line>
      <![CDATA[Type : sample Test in White blood cell count text textbox  ]]>
    </line>
    <line>
      <![CDATA[Type : 530 in Platelets text textbox  ]]>
    </line>
    <line>
      <![CDATA[Click on : Select HELICOBACTER PYLORI]]>
    </line>
    <line>
      <![CDATA[Type : 27/08/2018 in Date of test textbox  ]]>
    </line>
    <line>
      <![CDATA[Type : sample Test in Results Text textbox  ]]>
    </line>
    <line>
      <![CDATA[Click on : Select Other,specify]]>
    </line>
    <line>
      <![CDATA[Type : sample Test in Other Description textbox  ]]>
    </line>
    <line>
      <![CDATA[Type : 14/08/2018 in Date of test textbox  ]]>
    </line>
    <line>
      <![CDATA[Type : sample Test in Results Text textbox  ]]>
    </line>
    <line>
      <![CDATA[Click on : Select OTHER SIGNIFICANT]]>
    </line>
    <line>
      <![CDATA[Type : sample Test in Description Text textbox  ]]>
    </line>
    <line>
      <![CDATA[Click on : click_next_button]]>
    </line>
    <line>
      <![CDATA[Click on : Select Yes]]>
    </line>
    <line>
      <![CDATA[Type : sample Test in Description textbox  ]]>
    </line>
    <line>
      <![CDATA[Click on : click_next_button]]>
    </line>
    <line>
      <![CDATA[Click on : Select Yes]]>
    </line>
    <line>
      <![CDATA[Type : sample Test in Findings Text textbox  ]]>
    </line>
    <line>
      <![CDATA[Click on : Select Yes]]>
    </line>
    <line>
      <![CDATA[Click on : Select Yes]]>
    </line>
    <line>
      <![CDATA[Type : sample Test in Description Text textbox  ]]>
    </line>
    <line>
      <![CDATA[Click on : Delete_add_DBQ]]>
    </line>
    <line>
      <![CDATA[Click on : Click_Cancel]]>
    </line>
    <line>
      <![CDATA[Click on : Delete_add_DBQ]]>
    </line>
    <line>
      <![CDATA[Click on : Click_Ok]]>
    </line>
    <line>
      <![CDATA[Click on : Provider Tab]]>
    </line>
    <line>
      <![CDATA[Click on : Other Pertinent Physical Findings]]>
    </line>
    <line>
      <![CDATA[Click on : Click NO]]>
    </line>
    <line>
      <![CDATA[Click on : Click Yes and it add Scar DBQ]]>
    </line>
    <line>
      <![CDATA[Click on : Click_Ok]]>
    </line>
    <line>
      <![CDATA[Click on : Click_Add_DBQ]]>
    </line>
    <line>
      <![CDATA[Select : ESOPHAGUS in DropDown_Add_DBQ dropdown list]]>
    </line>
    <line>
      <![CDATA[Click on : Click_Confirm]]>
    </line>
    <line>
      <![CDATA[Click on : Click_DBQ_Ok]]>
    </line>
    <line>
      <![CDATA[Type : 9780923465 in PhoneNumber_Textbox textbox  ]]>
    </line>
    <line>
      <![CDATA[Click on : Exam_Information]]>
    </line>
    <line>
      <![CDATA[Click on : Exam_Information]]>
    </line>
    <line>
      <![CDATA[Click on : Left_navigate]]>
    </line>
    <line>
      <![CDATA[Click on : Left_navigate]]>
    </line>
    <line>
      <![CDATA[Click on : Left_navigate]]>
    </line>
    <line>
      <![CDATA[Click on : Right_navigate]]>
    </line>
    <line>
      <![CDATA[Click on : Right_navigate]]>
    </line>
    <line>
      <![CDATA[Click on : Right_navigate]]>
    </line>
    <line>
      <![CDATA[Click on : Click_hamburg_icon]]>
    </line>
    <line>
      <![CDATA[Click on : Select_DBQ]]>
    </line>
    <line>
      <![CDATA[Click on : Hide Section panel]]>
    </line>
    <line>
      <![CDATA[Click on : View Section panel]]>
    </line>
    <line>
      <![CDATA[Click on : View All Section]]>
    </line>
    <line>
      <![CDATA[Click on : Navigate to Bottom of a page]]>
    </line>
    <line>
      <![CDATA[Click on : Navigate to Top of a page]]>
    </line>
    <line>
      <![CDATA[Click on : View One Section at a time]]>
    </line>
    <line>
      <![CDATA[Click on : Click_Add Notes1]]>
    </line>
    <line>
      <![CDATA[Type : There are many variations of passages of Lorem Ipsum available, but the majority have suffered alteration in some form, by injected humour, or randomised words in Add Notes textbox textbox  ]]>
    </line>
    <line>
      <![CDATA[Click on : Click_Cancel]]>
    </line>
    <line>
      <![CDATA[Click on : Click_Add Notes1]]>
    </line>
    <line>
      <![CDATA[Type : There are many variations of passages of Lorem Ipsum available, but the majority have suffered alteration in some form, by injected humour, or randomised words in Add Notes textbox textbox  ]]>
    </line>
    <line>
      <![CDATA[Click on : Click_Save&Close]]>
    </line>
    <line>
      <![CDATA[Click on : Expand_ExamNotesLink]]>
    </line>
    <line>
      <![CDATA[Click on : Click_AddNotes2]]>
    </line>
    <line>
      <![CDATA[Type : There are many variations of passages of Lorem Ipsum available, but the majority have suffered alteration in some form, by injected humour, or randomised words in Add Notes textbox textbox  ]]>
    </line>
    <line>
      <![CDATA[Click on : Click_Cancel]]>
    </line>
    <line>
      <![CDATA[Click on : Click_AddNotes2]]>
    </line>
    <line>
      <![CDATA[Type : There are many variations of passages of Lorem Ipsum available, but the majority have suffered alteration in some form, by injected humour, or randomised words in Add Notes textbox textbox  ]]>
    </line>
    <line>
      <![CDATA[Click on : Click_Save&Close]]>
    </line>
    <line>
      <![CDATA[Click on : Click_NotesLink1]]>
    </line>
    <line>
      <![CDATA[Click on : Click_Cancel]]>
    </line>
    <line>
      <![CDATA[Click on : Click_NotesLink2]]>
    </line>
    <line>
      <![CDATA[Click on : Click_Cancel]]>
    </line>
    <line>
      <![CDATA[Click on : Click_UncheckNotes1]]>
    </line>
    <line>
      <![CDATA[Click on : Click_UncheckNotes2]]>
    </line>
    <line>
      <![CDATA[Click on : click_SignAndSubmit_button]]>
    </line>
    <line>
      <![CDATA[Click on : Click_button_Clear]]>
    </line>
    <line>
      <![CDATA[Click on : Click_button_Cancel]]>
    </line>
    <line>
      <![CDATA[Click on : click_SignAndSubmit_button]]>
    </line>
    <line>
      <![CDATA[Click on : Select_Checkbox_ConfirmOption]]>
    </line>
    <line>
      <![CDATA[Click on : Click_button_Confirm]]>
    </line>
    <line>
      <![CDATA[Click on : checkout_button]]>
    </line>
    <line>
      <![CDATA[Click on : click_SignAndSubmit_button]]>
    </line>
    <line>
      <![CDATA[Click on : Select_text_Option]]>
    </line>
    <line>
      <![CDATA[Select : Courgette in DropDown_Signature_type dropdown list]]>
    </line>
    <line>
      <![CDATA[Type : Tester in Signature_Name textbox  ]]>
    </line>
    <line>
      <![CDATA[Click on : Click_button_Preview]]>
    </line>
    <line>
      <![CDATA[Click on : Select_Checkbox_ConfirmOption]]>
    </line>
    <line>
      <![CDATA[Click on : Click_button_Confirm]]>
    </line>
    <line>
      <![CDATA[Click on : checkout_button]]>
    </line>
    <line>
      <![CDATA[status changed successfully]]>
    </line>
    <line>
      <![CDATA[status:Provider In Progress]]>
    </line>
    <line>
      <![CDATA[Click on : Click Save Button]]>
    </line>
    <line>
      <![CDATA[Form Saved successfully]]>
    </line>
    <line>
      <![CDATA[Click on : Click Diag Pending Button]]>
    </line>
    <line>
      <![CDATA[status changed successfully]]>
    </line>
    <line>
      <![CDATA[status:Provider In Progress - Diag Pending]]>
    </line>
    <line>
      <![CDATA[Click on : Click send to scribe Button]]>
    </line>
    <line>
      <![CDATA[status changed successfully]]>
    </line>
    <line>
      <![CDATA[status:Pending Scribe]]>
    </line>
    <line>
      <![CDATA[Click on : Click print Button]]>
    </line>
    <line>
      <![CDATA[Click on : Click ExamForm print]]>
    </line>
    <line>
      <![CDATA[Click on : Click print Button]]>
    </line>
    <line>
      <![CDATA[Click on : Click ExamAllForm print]]>
    </line>
    <line>
      <![CDATA[Click on : Click print Button]]>
    </line>
    <line>
      <![CDATA[Click on : Click AllHistoryForms print]]>
    </line>
    <line>
      <![CDATA[Click on : Click print Button]]>
    </line>
    <line>
      <![CDATA[Click on : Click DBQForm print]]>
    </line>
    <line>
      <![CDATA[Click on : Click print Button]]>
    </line>
    <line>
      <![CDATA[Click on : Click DBQAllForm print]]>
    </line>
    <line>
      <![CDATA[Click on : checkout_button]]>
    </line>
    <line>
      <![CDATA[status changed successfully]]>
    </line>
    <line>
      <![CDATA[status:Provider In Progress]]>
    </line>
    <line>
      <![CDATA[Click on : Delete_add_DBQ]]>
    </line>
    <line>
      <![CDATA[Click on : Click_Cancel]]>
    </line>
    <line>
      <![CDATA[Click on : Delete_add_DBQ]]>
    </line>
    <line>
      <![CDATA[Click on : Click_Ok]]>
    </line>
    <line>
      <![CDATA[Click on : Delete_Trigger_DBQ]]>
    </line>
    <line>
      <![CDATA[Click on : Click_Cancel]]>
    </line>
    <line>
      <![CDATA[Click on : Delete_Trigger_DBQ]]>
    </line>
    <line>
      <![CDATA[Click on : Click_Ok]]>
    </line>
    <line>
      <![CDATA[Click on : Provider Tab]]>
    </line>
    <line>
      <![CDATA[Click on : Other Pertinent Physical Findings]]>
    </line>
    <line>
      <![CDATA[Click on : Click NO]]>
    </line>
    <line>
      <![CDATA[Click on : Click Yes and it add Scar DBQ]]>
    </line>
    <line>
      <![CDATA[Click on : Click_Ok]]>
    </line>
    <line>
      <![CDATA[Click on : Click_Add_DBQ]]>
    </line>
    <line>
      <![CDATA[Select : ESOPHAGUS in DropDown_Add_DBQ dropdown list]]>
    </line>
    <line>
      <![CDATA[Click on : Click_Confirm]]>
    </line>
    <line>
      <![CDATA[Click on : Click_DBQ_Ok]]>
    </line>
    <line>
      <![CDATA[Clear on : TextBox_Description]]>
    </line>
    <line>
      <![CDATA[Click on : Imo tab]]>
    </line>
    <line>
      <![CDATA[Click on : click_next_button]]>
    </line>
    <line>
      <![CDATA[Clear on : TextBox_Other]]>
    </line>
    <line>
      <![CDATA[Click on : Click Prev button]]>
    </line>
    <line>
      <![CDATA[Click on : Scar Miscellaneous section]]>
    </line>
    <line>
      <![CDATA[Clear on : SPECIFIC LIMITATIONS]]>
    </line>
    <line>
      <![CDATA[Click on : Esophagus Remarks Section]]>
    </line>
    <line>
      <![CDATA[Clear on : Findings Text]]>
    </line>
    <line>
      <![CDATA[Click on : Click Manual Sign button]]>
    </line>
    <line>
      <![CDATA[Click on : Urinary validation link]]>
    </line>
    <line>
      <![CDATA[Type : sample text in TextBox_Description textbox  ]]>
    </line>
    <line>
      <![CDATA[Click on : Click Manual Sign button]]>
    </line>
    <line>
      <![CDATA[Click on : IMO validation link]]>
    </line>
    <line>
      <![CDATA[Type : Testing in TextBox_Other textbox  ]]>
    </line>
    <line>
      <![CDATA[Click on : Click Manual Sign button]]>
    </line>
    <line>
      <![CDATA[Click on : Scar validation link]]>
    </line>
    <line>
      <![CDATA[Type : sample text in SPECIFIC LIMITATIONS textbox  ]]>
    </line>
    <line>
      <![CDATA[Click on : Click Manual Sign button]]>
    </line>
    <line>
      <![CDATA[Click on : Esophagus validation link]]>
    </line>
    <line>
      <![CDATA[Type : sample text in Findings Text textbox  ]]>
    </line>
    <line>
      <![CDATA[Click on : Click Manual Sign button]]>
    </line>
    <line>
      <![CDATA[Click on : checkout_button]]>
    </line>
    <line>
      <![CDATA[status changed successfully]]>
    </line>
    <line>
      <![CDATA[status:Provider In Progress]]>
    </line>
    <line>
      <![CDATA[Click on : Click_Add Notes1]]>
    </line>
    <line>
      <![CDATA[Type : The esophagus is the muscular tube that connects your throat to your stomach and the duodenum in Add Notes textbox textbox  ]]>
    </line>
    <line>
      <![CDATA[Click on : Click_Cancel]]>
    </line>
    <line>
      <![CDATA[Click on : Click_Add Notes1]]>
    </line>
    <line>
      <![CDATA[Type : The esophagus is the muscular tube that connects your throat to your stomach and the duodenum in Add Notes textbox textbox  ]]>
    </line>
    <line>
      <![CDATA[Click on : Click_Save&Close]]>
    </line>
    <line>
      <![CDATA[Click on : Expand_ExamNotesLink]]>
    </line>
    <line>
      <![CDATA[Click on : Click_AddNotes2]]>
    </line>
    <line>
      <![CDATA[Type :  the doctor might take small tissue samples using the endoscope.  in Add Notes textbox textbox  ]]>
    </line>
    <line>
      <![CDATA[Click on : Click_Cancel]]>
    </line>
    <line>
      <![CDATA[Click on : Click_AddNotes2]]>
    </line>
    <line>
      <![CDATA[Type :  the doctor might take small tissue samples using the endoscope.  in Add Notes textbox textbox  ]]>
    </line>
    <line>
      <![CDATA[Click on : Click_Save&Close]]>
    </line>
    <line>
      <![CDATA[Click on : Click_NotesLink1]]>
    </line>
    <line>
      <![CDATA[Click on : Click_Cancel]]>
    </line>
    <line>
      <![CDATA[Click on : Click_NotesLink2]]>
    </line>
    <line>
      <![CDATA[Click on : Click_Cancel]]>
    </line>
    <line>
      <![CDATA[Click on : Click_UncheckNotes1]]>
    </line>
    <line>
      <![CDATA[Click on : Click_UncheckNotes2]]>
    </line>
    <line>
      <![CDATA[Click on : Click Collaboration View]]>
    </line>
    <line>
      <![CDATA[Click on : Expand Track_Latest_Changes Question ]]>
    </line>
    <line>
      <![CDATA[Click on : Expand Track_Latest_Changes Question ]]>
    </line>
    <line>
      <![CDATA[Click on : Navigate Track_Latest_Changes Question ]]>
    </line>
    <line>
      <![CDATA[Click on : Click Track_All_Changes]]>
    </line>
    <line>
      <![CDATA[Click on : Expand Track_All_Changes Question]]>
    </line>
    <line>
      <![CDATA[Click on : Expand Track_All_Changes Question]]>
    </line>
    <line>
      <![CDATA[Click on : Navigate Track_All_Changes Question]]>
    </line>
    <line>
      <![CDATA[Click on : Left_navigate]]>
    </line>
    <line>
      <![CDATA[Click on : Left_navigate]]>
    </line>
    <line>
      <![CDATA[Click on : Left_navigate]]>
    </line>
    <line>
      <![CDATA[Click on : Right_navigate]]>
    </line>
    <line>
      <![CDATA[Click on : Right_navigate]]>
    </line>
    <line>
      <![CDATA[Click on : Click_hamburg_icon]]>
    </line>
    <line>
      <![CDATA[Click on : Select_DBQ]]>
    </line>
    <line>
      <![CDATA[Click on : Hide Section panel]]>
    </line>
    <line>
      <![CDATA[Click on : View Section panel]]>
    </line>
    <line>
      <![CDATA[Click on : View All Section]]>
    </line>
    <line>
      <![CDATA[Click on : Navigate to Bottom of a page]]>
    </line>
    <line>
      <![CDATA[Click on : Navigate to Top of a page]]>
    </line>
    <line>
      <![CDATA[Click on : View One Section at a time]]>
    </line>
    <line>
      <![CDATA[Type : 9780923465 in PhoneNumber_Textbox textbox  ]]>
    </line>
    <line>
      <![CDATA[Click on : Exam_Information]]>
    </line>
    <line>
      <![CDATA[Click on : Exam_Information]]>
    </line>
    <line>
      <![CDATA[Click on : Click on Save Icon]]>
    </line>
    <line>
      <![CDATA[Click on : Click Save Button]]>
    </line>
    <line>
      <![CDATA[Form Saved successfully]]>
    </line>
    <line>
      <![CDATA[Click on : Click on Send to provider button]]>
    </line>
    <line>
      <![CDATA[status changed successfully]]>
    </line>
    <line>
      <![CDATA[status: Pending Provider Response]]>
    </line>
    <line>
      <![CDATA[Click on : checkout_button]]>
    </line>
    <line>
      <![CDATA[status changed successfully]]>
    </line>
    <line>
      <![CDATA[status:Scribe In Progress]]>
    </line>
    <line>
      <![CDATA[Click on : Click Manual Sign button]]>
    </line>
    <line>
      <![CDATA[status changed successfully]]>
    </line>
    <line>
      <![CDATA[status:Pending Manual Signature]]>
    </line>
    <line>
      <![CDATA[Click on : checkout_button]]>
    </line>
    <line>
      <![CDATA[Click on : Click on Pending Scribe button]]>
    </line>
    <line>
      <![CDATA[status changed successfully]]>
    </line>
    <line>
      <![CDATA[status: Pending Scribe]]>
    </line>
    <line>
      <![CDATA[Click on : Click print Button]]>
    </line>
    <line>
      <![CDATA[Click on : Click ExamForm print]]>
    </line>
    <line>
      <![CDATA[Click on : Click print Button]]>
    </line>
    <line>
      <![CDATA[Click on : Click ExamAllForm print]]>
    </line>
    <line>
      <![CDATA[Click on : Click print Button]]>
    </line>
    <line>
      <![CDATA[Click on : Click AllHistoryForms print]]>
    </line>
    <line>
      <![CDATA[Click on : Click print Button]]>
    </line>
    <line>
      <![CDATA[Click on : Click DBQForm print]]>
    </line>
    <line>
      <![CDATA[Click on : Click print Button]]>
    </line>
    <line>
      <![CDATA[Click on : Click DBQAllForm print]]>
    </line>
    <line>
      <![CDATA[Click on : checkout_button]]>
    </line>
    <line>
      <![CDATA[status changed successfully]]>
    </line>
    <line>
      <![CDATA[status:Provider In Progress]]>
    </line>
    <line>
      <![CDATA[Click on : Delete_add_DBQ]]>
    </line>
    <line>
      <![CDATA[Click on : Click_Cancel]]>
    </line>
    <line>
      <![CDATA[Click on : Delete_add_DBQ]]>
    </line>
    <line>
      <![CDATA[Click on : Click_Ok]]>
    </line>
    <line>
      <![CDATA[Click on : Delete_Trigger_DBQ]]>
    </line>
    <line>
      <![CDATA[Click on : Click_Cancel]]>
    </line>
    <line>
      <![CDATA[Click on : Delete_Trigger_DBQ]]>
    </line>
    <line>
      <![CDATA[Click on : Click_Ok]]>
    </line>
    <line>
      <![CDATA[Click on : Provider Tab]]>
    </line>
    <line>
      <![CDATA[Click on : Other Pertinent Physical Findings]]>
    </line>
    <line>
      <![CDATA[Click on : Click NO]]>
    </line>
    <line>
      <![CDATA[Click on : Click Yes and it add Scar DBQ]]>
    </line>
    <line>
      <![CDATA[Click on : Click_Ok]]>
    </line>
    <line>
      <![CDATA[Click on : Click_Add_DBQ]]>
    </line>
    <line>
      <![CDATA[Select : ESOPHAGUS in DropDown_Add_DBQ dropdown list]]>
    </line>
    <line>
      <![CDATA[Click on : Click_Confirm]]>
    </line>
    <line>
      <![CDATA[Click on : Click_DBQ_Ok]]>
    </line>
    <line>
      <![CDATA[Clear on : TextBox_Description]]>
    </line>
    <line>
      <![CDATA[Click on : Imo tab]]>
    </line>
    <line>
      <![CDATA[Click on : click_next_button]]>
    </line>
    <line>
      <![CDATA[Clear on : TextBox_Other]]>
    </line>
    <line>
      <![CDATA[Click on : Click Prev button]]>
    </line>
    <line>
      <![CDATA[Click on : Scar Miscellaneous section]]>
    </line>
    <line>
      <![CDATA[Clear on : SPECIFIC LIMITATIONS]]>
    </line>
    <line>
      <![CDATA[Click on : Esophagus Remarks Section]]>
    </line>
    <line>
      <![CDATA[Clear on : Findings Text]]>
    </line>
    <line>
      <![CDATA[Click on : Click Manual Sign button]]>
    </line>
    <line>
      <![CDATA[Click on : Urinary validation link]]>
    </line>
    <line>
      <![CDATA[Type : sample text in TextBox_Description textbox  ]]>
    </line>
    <line>
      <![CDATA[Click on : Click on Clarifying Question Icon ]]>
    </line>
    <line>
      <![CDATA[Click on : Change History Link ]]>
    </line>
    <line>
      <![CDATA[Click on : Clarifying Question Link ]]>
    </line>
    <line>
      <![CDATA[Type : sample text in Enter Clarifying Question text textbox  ]]>
    </line>
    <line>
      <![CDATA[Click on : Clarifying Question Close Button]]>
    </line>
    <line>
      <![CDATA[Click on : Click on Clarifying Question Icon ]]>
    </line>
    <line>
      <![CDATA[Click on : Change History Link ]]>
    </line>
    <line>
      <![CDATA[Click on : Clarifying Question Link ]]>
    </line>
    <line>
      <![CDATA[Type : sample text in Enter Clarifying Question text textbox  ]]>
    </line>
    <line>
      <![CDATA[Click on : Clarifying Question Save Button]]>
    </line>
    <line>
      <![CDATA[Comments Saved Successfully]]>
    </line>
    <line>
      <![CDATA[Click on : Clarifying Question Close Button]]>
    </line>
    <line>
      <![CDATA[Click on : Click Manual Sign button]]>
    </line>
    <line>
      <![CDATA[Click on : IMO validation link]]>
    </line>
    <line>
      <![CDATA[Type : Testing in TextBox_Other textbox  ]]>
    </line>
    <line>
      <![CDATA[Click on : Click on Clarifying Question Icon]]>
    </line>
    <line>
      <![CDATA[Click on : Change History Link ]]>
    </line>
    <line>
      <![CDATA[Click on : Clarifying Question Link ]]>
    </line>
    <line>
      <![CDATA[Type : sample text in Enter Clarifying Question text textbox  ]]>
    </line>
    <line>
      <![CDATA[Click on : Clarifying Question Close Button]]>
    </line>
    <line>
      <![CDATA[Click on : Click on Clarifying Question Icon]]>
    </line>
    <line>
      <![CDATA[Click on : Change History Link ]]>
    </line>
    <line>
      <![CDATA[Click on : Clarifying Question Link ]]>
    </line>
    <line>
      <![CDATA[Type : sample text in Enter Clarifying Question text textbox  ]]>
    </line>
    <line>
      <![CDATA[Click on : Clarifying Question Save Button]]>
    </line>
    <line>
      <![CDATA[Comments Saved Successfully]]>
    </line>
    <line>
      <![CDATA[Click on : Clarifying Question Close Button]]>
    </line>
    <line>
      <![CDATA[Click on : Click Manual Sign button]]>
    </line>
    <line>
      <![CDATA[Click on : Scar validation link]]>
    </line>
    <line>
      <![CDATA[Type : sample text in SPECIFIC LIMITATIONS textbox  ]]>
    </line>
    <line>
      <![CDATA[Click on : Click on Clarifying Question Icon]]>
    </line>
    <line>
      <![CDATA[Click on : Change History Link ]]>
    </line>
    <line>
      <![CDATA[Click on : Clarifying Question Link ]]>
    </line>
    <line>
      <![CDATA[Type : sample text in Enter Clarifying Question text textbox  ]]>
    </line>
    <line>
      <![CDATA[Click on : Clarifying Question Close Button]]>
    </line>
    <line>
      <![CDATA[Click on : Click on Clarifying Question Icon]]>
    </line>
    <line>
      <![CDATA[Click on : Change History Link ]]>
    </line>
    <line>
      <![CDATA[Click on : Clarifying Question Link ]]>
    </line>
    <line>
      <![CDATA[Type : sample text in Enter Clarifying Question text textbox  ]]>
    </line>
    <line>
      <![CDATA[Click on : Clarifying Question Save Button]]>
    </line>
    <line>
      <![CDATA[Comments Saved Successfully]]>
    </line>
    <line>
      <![CDATA[Click on : Clarifying Question Close Button]]>
    </line>
    <line>
      <![CDATA[Click on : Click Manual Sign button]]>
    </line>
    <line>
      <![CDATA[Click on : Esophagus validation link]]>
    </line>
    <line>
      <![CDATA[Type : sample text in Findings Text textbox  ]]>
    </line>
    <line>
      <![CDATA[Click on : Click on Clarifying Question Icon]]>
    </line>
    <line>
      <![CDATA[Click on : Change History Link ]]>
    </line>
    <line>
      <![CDATA[Click on : Clarifying Question Link ]]>
    </line>
    <line>
      <![CDATA[Type : sample text in Enter Clarifying Question text textbox  ]]>
    </line>
    <line>
      <![CDATA[Click on : Clarifying Question Close Button]]>
    </line>
    <line>
      <![CDATA[Click on : Click on Clarifying Question Icon]]>
    </line>
    <line>
      <![CDATA[Click on : Change History Link ]]>
    </line>
    <line>
      <![CDATA[Click on : Clarifying Question Link ]]>
    </line>
    <line>
      <![CDATA[Type : sample text in Enter Clarifying Question text textbox  ]]>
    </line>
    <line>
      <![CDATA[Click on : Clarifying Question Save Button]]>
    </line>
    <line>
      <![CDATA[Comments Saved Successfully]]>
    </line>
    <line>
      <![CDATA[Click on : Clarifying Question Close Button]]>
    </line>
    <line>
      <![CDATA[Click on : Click Manual Sign button]]>
    </line>
    <line>
      <![CDATA[Click on : checkout_button]]>
    </line>
    <line>
      <![CDATA[status changed successfully]]>
    </line>
    <line>
      <![CDATA[status:QA In Progress]]>
    </line>
    <line>
      <![CDATA[Click on : Navigate to Urinary Clarifying Question]]>
    </line>
    <line>
      <![CDATA[Click on : Navigate to IMO Clarifying Question]]>
    </line>
    <line>
      <![CDATA[Click on : Navigate to SCAR Clarifying Question]]>
    </line>
    <line>
      <![CDATA[Click on : Click_Add Notes1]]>
    </line>
    <line>
      <![CDATA[Type : The esophagus is the muscular tube that connects your throat to your stomach and the duodenum in Add Notes textbox textbox  ]]>
    </line>
    <line>
      <![CDATA[Click on : Click_Cancel]]>
    </line>
    <line>
      <![CDATA[Click on : Click_Add Notes1]]>
    </line>
    <line>
      <![CDATA[Type : The esophagus is the muscular tube that connects your throat to your stomach and the duodenum in Add Notes textbox textbox  ]]>
    </line>
    <line>
      <![CDATA[Click on : Click_Save&Close]]>
    </line>
    <line>
      <![CDATA[Click on : Expand_ExamNotesLink]]>
    </line>
    <line>
      <![CDATA[Click on : Click_AddNotes2]]>
    </line>
    <line>
      <![CDATA[Type :  the doctor might take small tissue samples using the endoscope.  in Add Notes textbox textbox  ]]>
    </line>
    <line>
      <![CDATA[Click on : Click_Cancel]]>
    </line>
    <line>
      <![CDATA[Click on : Click_AddNotes2]]>
    </line>
    <line>
      <![CDATA[Type :  the doctor might take small tissue samples using the endoscope.  in Add Notes textbox textbox  ]]>
    </line>
    <line>
      <![CDATA[Click on : Click_Save&Close]]>
    </line>
    <line>
      <![CDATA[Click on : Click_NotesLink1]]>
    </line>
    <line>
      <![CDATA[Click on : Click_Cancel]]>
    </line>
    <line>
      <![CDATA[Click on : Click_NotesLink2]]>
    </line>
    <line>
      <![CDATA[Click on : Click_Cancel]]>
    </line>
    <line>
      <![CDATA[Click on : Click_UncheckNotes1]]>
    </line>
    <line>
      <![CDATA[Click on : Click_UncheckNotes2]]>
    </line>
    <line>
      <![CDATA[Click on : Click Collaboration View]]>
    </line>
    <line>
[...]
            </line>
          </reporter-output>
        </test-method> <!-- qaExamNotesTc -->
        <test-method status="PASS" signature="qaCollabViewTc()[pri:27, instance:com.testcases.TestCases@3bfdc050]" name="qaCollabViewTc" duration-ms="14895" started-at="2019-02-06T07:07:59Z" finished-at="2019-02-06T07:08:14Z">
          <reporter-output>
            <line>
              <![CDATA[Click on : Click Collaboration View]]>
            </line>
            <line>
              <![CDATA[Click on : Click Track_Latest_Changes]]>
            </line>
            <line>
              <![CDATA[Click on : Expand Track_Latest_Changes Question ]]>
            </line>
            <line>
              <![CDATA[Click on : Expand Track_Latest_Changes Question ]]>
            </line>
            <line>
              <![CDATA[Click on : Navigate Track_Latest_Changes Question ]]>
            </line>
            <line>
              <![CDATA[Click on : Click Track_All_Changes]]>
            </line>
            <line>
              <![CDATA[Click on : Expand Track_All_Changes Question]]>
            </line>
            <line>
              <![CDATA[Click on : Expand Track_All_Changes Question]]>
            </line>
            <line>
              <![CDATA[Click on : Navigate Track_All_Changes Question]]>
            </line>
          </reporter-output>
        </test-method> <!-- qaCollabViewTc -->
        <test-method status="PASS" signature="qaNavigateFormAndSectionTc()[pri:28, instance:com.testcases.TestCases@3bfdc050]" name="qaNavigateFormAndSectionTc" duration-ms="28306" started-at="2019-02-06T07:08:14Z" finished-at="2019-02-06T07:08:42Z">
          <reporter-output>
            <line>
              <![CDATA[Click on : Left_navigate]]>
            </line>
            <line>
              <![CDATA[Click on : Left_navigate]]>
            </line>
            <line>
              <![CDATA[Click on : Left_navigate]]>
            </line>
            <line>
              <![CDATA[Click on : Right_navigate]]>
            </line>
            <line>
              <![CDATA[Click on : Right_navigate]]>
            </line>
            <line>
              <![CDATA[Click on : Click_hamburg_icon]]>
            </line>
            <line>
              <![CDATA[Click on : Select_DBQ]]>
            </line>
            <line>
              <![CDATA[Click on : Hide Section panel]]>
            </line>
            <line>
              <![CDATA[Click on : View Section panel]]>
            </line>
            <line>
              <![CDATA[Click on : View All Section]]>
            </line>
            <line>
              <![CDATA[Click on : Navigate to Bottom of a page]]>
            </line>
            <line>
              <![CDATA[Click on : Navigate to Top of a page]]>
            </line>
            <line>
              <![CDATA[Click on : View One Section at a time]]>
            </line>
          </reporter-output>
        </test-method> <!-- qaNavigateFormAndSectionTc -->
        <test-method status="PASS" signature="qaHeaderSectionTc()[pri:29, instance:com.testcases.TestCases@3bfdc050]" name="qaHeaderSectionTc" duration-ms="9580" started-at="2019-02-06T07:08:42Z" finished-at="2019-02-06T07:08:52Z">
          <reporter-output>
            <line>
              <![CDATA[Type : 9780923465 in PhoneNumber_Textbox textbox  ]]>
            </line>
            <line>
              <![CDATA[Click on : Exam_Information]]>
            </line>
            <line>
              <![CDATA[Click on : Exam_Information]]>
            </line>
          </reporter-output>
        </test-method> <!-- qaHeaderSectionTc -->
        <test-method status="PASS" signature="qaRoleButtonsTc()[pri:30, instance:com.testcases.TestCases@3bfdc050]" name="qaRoleButtonsTc" duration-ms="175223" started-at="2019-02-06T07:08:52Z" finished-at="2019-02-06T07:11:47Z">
          <reporter-output>
            <line>
              <![CDATA[Click on : Click on Save Icon]]>
            </line>
            <line>
              <![CDATA[Form Saved successfully]]>
            </line>
            <line>
              <![CDATA[Click on : Esophagus Remarks Section]]>
            </line>
            <line>
              <![CDATA[Clear on : Findings Text]]>
            </line>
            <line>
              <![CDATA[Click on : Click Save Button]]>
            </line>
            <line>
              <![CDATA[Form Saved successfully]]>
            </line>
            <line>
              <![CDATA[Click on : Click on Diag Pending button]]>
            </line>
            <line>
              <![CDATA[Status Changed successfully]]>
            </line>
            <line>
              <![CDATA[Status: QA In Progress - Diag Pending]]>
            </line>
            <line>
              <![CDATA[Click on : Click on Consult Pending button]]>
            </line>
            <line>
              <![CDATA[Status Changed successfully]]>
            </line>
            <line>
              <![CDATA[Status: QA In Progress - Consult Pending]]>
            </line>
            <line>
              <![CDATA[Click on : Click on Send to provider button]]>
            </line>
            <line>
              <![CDATA[Click on : Click on 'Yes' in Validation error confirmation popup]]>
            </line>
            <line>
              <![CDATA[Click on : Click on Send to provider button]]>
            </line>
            <line>
              <![CDATA[Click on : Click on 'No' in Validation error confirmation popup]]>
            </line>
            <line>
              <![CDATA[Type : Test Question1 from QA in Add Notes textbox textbox  ]]>
            </line>
            <line>
              <![CDATA[Click on : Click_Cancel]]>
            </line>
            <line>
              <![CDATA[Click on : Click on Send to provider button]]>
            </line>
            <line>
              <![CDATA[Click on : Click on 'Yes' in Validation error confirmation popup]]>
            </line>
            <line>
              <![CDATA[Click on : Click on Send to provider button]]>
            </line>
            <line>
              <![CDATA[Click on : Click on 'No' in Validation error confirmation popup]]>
            </line>
            <line>
              <![CDATA[Type : Test Question1 from QA in Add Notes textbox textbox  ]]>
            </line>
            <line>
              <![CDATA[Click on : Click_Save&Close]]>
            </line>
            <line>
              <![CDATA[Status Changed successfully]]>
            </line>
            <line>
              <![CDATA[Status: Pending Provider Response]]>
            </line>
            <line>
              <![CDATA[Notes Saved successfully]]>
            </line>
            <line>
              <![CDATA[Click on : checkout_button]]>
            </line>
            <line>
              <![CDATA[status changed successfully]]>
            </line>
            <line>
              <![CDATA[status: QA In Progress]]>
            </line>
            <line>
              <![CDATA[Click on : Click on Send For Approval button]]>
            </line>
            <line>
              <![CDATA[Click on : Click on 'Yes' in Validation error confirmation popup]]>
            </line>
            <line>
              <![CDATA[Click on : Click on Send For Approval button]]>
            </line>
            <line>
              <![CDATA[Click on : Click on 'No' in Validation error confirmation popup]]>
            </line>
            <line>
              <![CDATA[Type : Test Question2 from QA in Add Notes textbox textbox  ]]>
            </line>
            <line>
              <![CDATA[Click on : Click_Cancel]]>
            </line>
            <line>
              <![CDATA[Click on : Click on Send For Approval button]]>
            </line>
            <line>
              <![CDATA[Click on : Click on 'Yes' in Validation error confirmation popup]]>
            </line>
            <line>
              <![CDATA[Click on : Click on Send For Approval button]]>
            </line>
            <line>
              <![CDATA[Click on : Click on 'No' in Validation error confirmation popup]]>
            </line>
            <line>
              <![CDATA[Type : Test Question2 from QA in Add Notes textbox textbox  ]]>
            </line>
            <line>
              <![CDATA[Click on : Click_Save&Close]]>
            </line>
            <line>
              <![CDATA[Status Changed successfully]]>
            </line>
            <line>
              <![CDATA[Status: Pending Provider Response]]>
            </line>
            <line>
              <![CDATA[Notes Saved successfully]]>
            </line>
            <line>
              <![CDATA[Click on : checkout_button]]>
            </line>
            <line>
              <![CDATA[status changed successfully]]>
            </line>
            <line>
              <![CDATA[status: QA In Progress]]>
            </line>
            <line>
              <![CDATA[Click on : Click Manual Sign button]]>
            </line>
            <line>
              <![CDATA[Click on : Esophagus validation link]]>
            </line>
            <line>
              <![CDATA[Type :  sample test question  in Findings Text textbox  ]]>
            </line>
            <line>
              <![CDATA[Click on : Click on Submit button]]>
            </line>
            <line>
              <![CDATA[Click on : Click Ok on Signature pop]]>
            </line>
            <line>
              <![CDATA[Click on : Click Manual Sign button]]>
            </line>
            <line>
              <![CDATA[status changed successfully]]>
            </line>
            <line>
              <![CDATA[status: Pending Manual Signature]]>
            </line>
            <line>
              <![CDATA[Click on : Click on Clarifying Question tab]]>
            </line>
            <line>
              <![CDATA[Click on : Click on Clarifying Questions Print button]]>
            </line>
            <line>
              <![CDATA[Click on : Click print Button]]>
            </line>
            <line>
              <![CDATA[Click on : Click ExamForm print]]>
            </line>
            <line>
              <![CDATA[Click on : Click print Button]]>
            </line>
            <line>
              <![CDATA[Click on : Click ExamAllForm print]]>
            </line>
            <line>
              <![CDATA[Click on : Click print Button]]>
            </line>
            <line>
              <![CDATA[Click on : Click AllHistoryForms print]]>
            </line>
            <line>
              <![CDATA[Click on : Click print Button]]>
            </line>
            <line>
              <![CDATA[Click on : Click DBQForm print]]>
            </line>
            <line>
              <![CDATA[Click on : Click print Button]]>
            </line>
            <line>
              <![CDATA[Click on : Click DBQAllForm print]]>
            </line>
          </reporter-output>
        </test-method> <!-- qaRoleButtonsTc -->
        <test-method status="PASS" signature="ProviderClarifyQuestionTc()[pri:31, instance:com.testcases.TestCases@3bfdc050]" name="ProviderClarifyQuestionTc" duration-ms="114729" started-at="2019-02-06T07:11:47Z" finished-at="2019-02-06T07:13:42Z">
          <reporter-output>
            <line>
              <![CDATA[Click on : checkout_button]]>
            </line>
            <line>
              <![CDATA[Click on : Navigate to Urinary Clarifying Question]]>
            </line>
            <line>
              <![CDATA[Click on : Click on Clarifying Question Icon ]]>
            </line>
            <line>
              <![CDATA[Click on : Change History Link ]]>
            </line>
            <line>
              <![CDATA[Click on : Clarifying Question Link ]]>
            </line>
            <line>
              <![CDATA[Type : There are many variations of passages of Lorem Ipsum available, but the majority have suffered alteration in some form, by injected humour, or randomised words in Enter Clarifying Question text textbox  ]]>
            </line>
            <line>
              <![CDATA[Click on : Clarifying Question Close Button]]>
            </line>
            <line>
              <![CDATA[Click on : Click on Clarifying Question Icon ]]>
            </line>
            <line>
              <![CDATA[Click on : Change History Link ]]>
            </line>
            <line>
              <![CDATA[Click on : Clarifying Question Link ]]>
            </line>
            <line>
              <![CDATA[Type : There are many variations of passages of Lorem Ipsum available, but the majority have suffered alteration in some form, by injected humour, or randomised words in Enter Clarifying Question text textbox  ]]>
            </line>
            <line>
              <![CDATA[Click on : Clarifying Question Save Button]]>
            </line>
            <line>
              <![CDATA[Comments Saved Successfully]]>
            </line>
            <line>
              <![CDATA[Click on : Clarifying Question Close Button]]>
            </line>
            <line>
              <![CDATA[Click on : DataImportAndMappingQ Section]]>
            </line>
            <line>
              <![CDATA[Click on : Import History]]>
            </line>
            <line>
              <![CDATA[Click on : Import_History_No]]>
            </line>
            <line>
              <![CDATA[Click on : Import History]]>
            </line>
            <line>
              <![CDATA[Click on : Import_History_Yes]]>
            </line>
            <line>
              <![CDATA[Click on : Close Icon]]>
            </line>
            <line>
              <![CDATA[Click on : Navigate to IMO Clarifying Question]]>
            </line>
            <line>
              <![CDATA[Click on : Click on Clarifying Question Icon]]>
            </line>
            <line>
              <![CDATA[Click on : Change History Link ]]>
            </line>
            <line>
              <![CDATA[Click on : Clarifying Question Link ]]>
            </line>
            <line>
              <![CDATA[Type : There are many variations of passages of Lorem Ipsum available, but the majority have suffered alteration in some form, by injected humour, or randomised words in Enter Clarifying Question text textbox  ]]>
            </line>
            <line>
              <![CDATA[Click on : Clarifying Question Close Button]]>
            </line>
            <line>
              <![CDATA[Click on : Click on Clarifying Question Icon]]>
            </line>
            <line>
              <![CDATA[Click on : Change History Link ]]>
            </line>
            <line>
              <![CDATA[Click on : Clarifying Question Link ]]>
            </line>
            <line>
              <![CDATA[Type : There are many variations of passages of Lorem Ipsum available, but the majority have suffered alteration in some form, by injected humour, or randomised words in Enter Clarifying Question text textbox  ]]>
            </line>
            <line>
              <![CDATA[Click on : Clarifying Question Save Button]]>
            </line>
            <line>
              <![CDATA[Comments Saved Successfully]]>
            </line>
            <line>
              <![CDATA[Click on : Clarifying Question Close Button]]>
            </line>
            <line>
              <![CDATA[Click on : Right_navigate]]>
            </line>
            <line>
              <![CDATA[Click on : Scar Miscellaneous section]]>
            </line>
            <line>
              <![CDATA[Click on : Click on Clarifying Question Icon]]>
            </line>
            <line>
              <![CDATA[Click on : Change History Link ]]>
            </line>
            <line>
              <![CDATA[Click on : Clarifying Question Link ]]>
            </line>
            <line>
              <![CDATA[Type : There are many variations of passages of Lorem Ipsum available, but the majority have suffered alteration in some form, by injected humour, or randomised words in Enter Clarifying Question text textbox  ]]>
            </line>
            <line>
              <![CDATA[Click on : Clarifying Question Close Button]]>
            </line>
            <line>
              <![CDATA[Click on : Click on Clarifying Question Icon]]>
            </line>
            <line>
              <![CDATA[Click on : Change History Link ]]>
            </line>
            <line>
              <![CDATA[Click on : Clarifying Question Link ]]>
            </line>
            <line>
              <![CDATA[Type : There are many variations of passages of Lorem Ipsum available, but the majority have suffered alteration in some form, by injected humour, or randomised words in Enter Clarifying Question text textbox  ]]>
            </line>
            <line>
              <![CDATA[Click on : Clarifying Question Save Button]]>
            </line>
            <line>
              <![CDATA[Comments Saved Successfully]]>
            </line>
            <line>
              <![CDATA[Click on : Clarifying Question Close Button]]>
            </line>
            <line>
              <![CDATA[Click on : Right_navigate]]>
            </line>
            <line>
              <![CDATA[Click on : Esophagus Remarks Section]]>
            </line>
            <line>
              <![CDATA[Click on : Click on Clarifying Question Icon]]>
            </line>
            <line>
              <![CDATA[Click on : Change History Link ]]>
            </line>
            <line>
              <![CDATA[Click on : Clarifying Question Link ]]>
            </line>
            <line>
              <![CDATA[Type : There are many variations of passages of Lorem Ipsum available, but the majority have suffered alteration in some form, by injected humour, or randomised words in Enter Clarifying Question text textbox  ]]>
            </line>
            <line>
              <![CDATA[Click on : Clarifying Question Close Button]]>
            </line>
            <line>
              <![CDATA[Click on : Click on Clarifying Question Icon]]>
            </line>
            <line>
              <![CDATA[Click on : Change History Link ]]>
            </line>
            <line>
              <![CDATA[Click on : Clarifying Question Link ]]>
            </line>
            <line>
              <![CDATA[Type : There are many variations of passages of Lorem Ipsum available, but the majority have suffered alteration in some form, by injected humour, or randomised words in Enter Clarifying Question text textbox  ]]>
            </line>
            <line>
              <![CDATA[Click on : Clarifying Question Save Button]]>
            </line>
            <line>
              <![CDATA[Comments Saved Successfully]]>
            </line>
            <line>
              <![CDATA[Click on : Clarifying Question Close Button]]>
            </line>
            <line>
              <![CDATA[Click on : Click send to QA Button]]>
            </line>
            <line>
              <![CDATA[Type : Testing Message in Add Notes textbox textbox  ]]>
            </line>
            <line>
              <![CDATA[Click on : Click_Save&Close]]>
            </line>
          </reporter-output>
        </test-method> <!-- ProviderClarifyQuestionTc -->
      </class> <!-- com.testcases.TestCases -->
    </test> <!-- Default test -->
  </suite> <!-- Default suite -->
</testng-results>
