<?xml version="1.0" encoding="UTF-8"?>
<!-- Generated by org.testng.reporters.JUnitXMLReporter -->
<testsuite hostname="PIL-SD-ND-026" ignored="0" name="Default test" tests="32" failures="0" timestamp="06 Feb 2019 07:13:42 GMT" time="1674.142" errors="0">
  <testcase name="examineeTc" time="49.569" classname="com.testcases.TestCases"/>
  <testcase name="navigateToExamineeFormTabsTc" time="31.63" classname="com.testcases.TestCases"/>
  <testcase name="ExamineeHeaderSectionTc" time="6.413" classname="com.testcases.TestCases"/>
  <testcase name="ExamineeButtonsTc" time="35.576" classname="com.testcases.TestCases"/>
  <testcase name="decAddDBQTc" time="33.212" classname="com.testcases.TestCases"/>
  <testcase name="decExamNoteTc" time="38.428" classname="com.testcases.TestCases"/>
  <testcase name="decNavigateFormAndSectionTc" time="21.613" classname="com.testcases.TestCases"/>
  <testcase name="decSaveAddFormTc" time="5.731" classname="com.testcases.TestCases"/>
  <testcase name="decDeleteAddFormsTc" time="17.436" classname="com.testcases.TestCases"/>
  <testcase name="decHeaderSectionTc" time="8.464" classname="com.testcases.TestCases"/>
  <testcase name="decRoleButtonsTc" time="67.903" classname="com.testcases.TestCases"/>
  <testcase name="ProviderFormSaveTc" time="207.512" classname="com.testcases.TestCases"/>
  <testcase name="ImoFormSaveTc" time="15.197" classname="com.testcases.TestCases"/>
  <testcase name="ManualAddDBQTc" time="78.386" classname="com.testcases.TestCases"/>
  <testcase name="HeaderSectionTc" time="8.552" classname="com.testcases.TestCases"/>
  <testcase name="NavigateToFormTabsTc" time="25.657" classname="com.testcases.TestCases"/>
  <testcase name="ExamNotesTc" time="39.751" classname="com.testcases.TestCases"/>
  <testcase name="ESignatureTc" time="31.882" classname="com.testcases.TestCases"/>
  <testcase name="ExambuttonsTc" time="112.632" classname="com.testcases.TestCases"/>
  <testcase name="scribeAddDBQTc" time="75.2" classname="com.testcases.TestCases"/>
  <testcase name="scribeExamNoteTc" time="43.159" classname="com.testcases.TestCases"/>
  <testcase name="scribeCollabViewTc" time="17.845" classname="com.testcases.TestCases"/>
  <testcase name="scribeNavigateFormAndSectionTc" time="25.093" classname="com.testcases.TestCases"/>
  <testcase name="scribeHeaderSectionTc" time="9.822" classname="com.testcases.TestCases"/>
  <testcase name="scribeRoleButtonsTc" time="118.78" classname="com.testcases.TestCases"/>
  <testcase name="addTriggerwithValidationTc" time="151.946" classname="com.testcases.TestCases"/>
  <testcase name="qaExamNotesTc" time="43.609" classname="com.testcases.TestCases"/>
  <testcase name="qaCollabViewTc" time="14.895" classname="com.testcases.TestCases"/>
  <testcase name="qaNavigateFormAndSectionTc" time="28.306" classname="com.testcases.TestCases"/>
  <testcase name="qaHeaderSectionTc" time="9.58" classname="com.testcases.TestCases"/>
  <testcase name="qaRoleButtonsTc" time="175.223" classname="com.testcases.TestCases"/>
  <testcase name="ProviderClarifyQuestionTc" time="114.729" classname="com.testcases.TestCases"/>
</testsuite> <!-- Default test -->
